{"/Users/ajuhos/Sites/api/api-core/test/request-parser.ts":{"path":"/Users/ajuhos/Sites/api/api-core/test/request-parser.ts","statementMap":{"1":{"start":{"line":1,"column":12},"end":{"line":1,"column":26}},"2":{"start":{"line":3,"column":19},"end":{"line":3,"column":53}},"3":{"start":{"line":5,"column":0},"end":{"line":5,"column":76}},"4":{"start":{"line":6,"column":0},"end":{"line":6,"column":87}},"5":{"start":{"line":7,"column":0},"end":{"line":7,"column":69}},"6":{"start":{"line":8,"column":0},"end":{"line":8,"column":67}},"7":{"start":{"line":9,"column":0},"end":{"line":9,"column":31}},"8":{"start":{"line":11,"column":20},"end":{"line":11,"column":86}},"9":{"start":{"line":11,"column":28},"end":{"line":11,"column":84}},"10":{"start":{"line":11,"column":68},"end":{"line":11,"column":83}},"11":{"start":{"line":12,"column":27},"end":{"line":12,"column":93}},"12":{"start":{"line":12,"column":35},"end":{"line":12,"column":91}},"13":{"start":{"line":12,"column":75},"end":{"line":12,"column":90}},"14":{"start":{"line":13,"column":25},"end":{"line":13,"column":96}},"15":{"start":{"line":13,"column":33},"end":{"line":13,"column":94}},"16":{"start":{"line":13,"column":73},"end":{"line":13,"column":93}},"17":{"start":{"line":14,"column":19},"end":{"line":14,"column":84}},"18":{"start":{"line":14,"column":27},"end":{"line":14,"column":82}},"19":{"start":{"line":14,"column":67},"end":{"line":14,"column":81}},"20":{"start":{"line":16,"column":19},"end":{"line":25,"column":1}},"21":{"start":{"line":17,"column":4},"end":{"line":17,"column":24}},"22":{"start":{"line":18,"column":4},"end":{"line":18,"column":32}},"23":{"start":{"line":19,"column":4},"end":{"line":19,"column":24}},"24":{"start":{"line":20,"column":4},"end":{"line":24,"column":5}},"25":{"start":{"line":27,"column":19},"end":{"line":36,"column":1}},"26":{"start":{"line":28,"column":4},"end":{"line":28,"column":31}},"27":{"start":{"line":29,"column":4},"end":{"line":29,"column":39}},"28":{"start":{"line":30,"column":4},"end":{"line":30,"column":24}},"29":{"start":{"line":31,"column":4},"end":{"line":35,"column":5}},"30":{"start":{"line":38,"column":19},"end":{"line":47,"column":1}},"31":{"start":{"line":39,"column":4},"end":{"line":39,"column":41}},"32":{"start":{"line":40,"column":4},"end":{"line":40,"column":42}},"33":{"start":{"line":41,"column":4},"end":{"line":41,"column":24}},"34":{"start":{"line":42,"column":4},"end":{"line":46,"column":5}},"35":{"start":{"line":49,"column":18},"end":{"line":49,"column":27}},"36":{"start":{"line":50,"column":25},"end":{"line":50,"column":34}},"37":{"start":{"line":51,"column":35},"end":{"line":51,"column":44}},"38":{"start":{"line":52,"column":22},"end":{"line":52,"column":61}},"39":{"start":{"line":53,"column":32},"end":{"line":53,"column":82}},"40":{"start":{"line":55,"column":15},"end":{"line":62,"column":1}},"41":{"start":{"line":64,"column":0},"end":{"line":68,"column":3}},"42":{"start":{"line":65,"column":17},"end":{"line":65,"column":33}},"43":{"start":{"line":66,"column":4},"end":{"line":66,"column":37}},"44":{"start":{"line":67,"column":4},"end":{"line":67,"column":11}},"45":{"start":{"line":70,"column":0},"end":{"line":78,"column":3}},"46":{"start":{"line":71,"column":4},"end":{"line":71,"column":110}},"47":{"start":{"line":71,"column":21},"end":{"line":71,"column":45}},"48":{"start":{"line":72,"column":4},"end":{"line":72,"column":139}},"49":{"start":{"line":72,"column":21},"end":{"line":72,"column":62}},"50":{"start":{"line":73,"column":4},"end":{"line":73,"column":155}},"51":{"start":{"line":73,"column":21},"end":{"line":73,"column":78}},"52":{"start":{"line":74,"column":4},"end":{"line":74,"column":187}},"53":{"start":{"line":74,"column":21},"end":{"line":74,"column":91}},"54":{"start":{"line":75,"column":4},"end":{"line":75,"column":185}},"55":{"start":{"line":75,"column":21},"end":{"line":75,"column":89}},"56":{"start":{"line":77,"column":4},"end":{"line":77,"column":11}},"57":{"start":{"line":80,"column":0},"end":{"line":89,"column":3}},"58":{"start":{"line":81,"column":4},"end":{"line":81,"column":189}},"59":{"start":{"line":81,"column":21},"end":{"line":81,"column":74}},"60":{"start":{"line":82,"column":4},"end":{"line":82,"column":229}},"61":{"start":{"line":82,"column":21},"end":{"line":82,"column":97}},"62":{"start":{"line":88,"column":4},"end":{"line":88,"column":11}},"63":{"start":{"line":91,"column":0},"end":{"line":98,"column":3}},"64":{"start":{"line":92,"column":17},"end":{"line":92,"column":44}},"65":{"start":{"line":93,"column":4},"end":{"line":93,"column":64}},"66":{"start":{"line":94,"column":4},"end":{"line":94,"column":98}},"67":{"start":{"line":95,"column":4},"end":{"line":95,"column":74}},"68":{"start":{"line":96,"column":4},"end":{"line":96,"column":72}},"69":{"start":{"line":97,"column":4},"end":{"line":97,"column":11}},"70":{"start":{"line":100,"column":0},"end":{"line":108,"column":3}},"71":{"start":{"line":101,"column":17},"end":{"line":101,"column":50}},"72":{"start":{"line":102,"column":4},"end":{"line":102,"column":64}},"73":{"start":{"line":103,"column":4},"end":{"line":103,"column":100}},"74":{"start":{"line":104,"column":4},"end":{"line":104,"column":74}},"75":{"start":{"line":105,"column":4},"end":{"line":105,"column":98}},"76":{"start":{"line":106,"column":4},"end":{"line":106,"column":72}},"77":{"start":{"line":107,"column":4},"end":{"line":107,"column":11}},"78":{"start":{"line":110,"column":0},"end":{"line":117,"column":3}},"79":{"start":{"line":111,"column":17},"end":{"line":111,"column":54}},"80":{"start":{"line":112,"column":4},"end":{"line":112,"column":64}},"81":{"start":{"line":113,"column":4},"end":{"line":113,"column":101}},"82":{"start":{"line":114,"column":4},"end":{"line":114,"column":74}},"83":{"start":{"line":115,"column":4},"end":{"line":115,"column":123}},"84":{"start":{"line":116,"column":4},"end":{"line":116,"column":11}},"85":{"start":{"line":119,"column":0},"end":{"line":133,"column":3}},"86":{"start":{"line":120,"column":17},"end":{"line":120,"column":66}},"87":{"start":{"line":121,"column":4},"end":{"line":121,"column":65}},"88":{"start":{"line":123,"column":4},"end":{"line":123,"column":100}},"89":{"start":{"line":124,"column":4},"end":{"line":124,"column":74}},"90":{"start":{"line":125,"column":4},"end":{"line":125,"column":98}},"91":{"start":{"line":126,"column":4},"end":{"line":126,"column":72}},"92":{"start":{"line":128,"column":4},"end":{"line":128,"column":114}},"93":{"start":{"line":129,"column":4},"end":{"line":129,"column":74}},"94":{"start":{"line":130,"column":4},"end":{"line":130,"column":86}},"95":{"start":{"line":132,"column":4},"end":{"line":132,"column":11}},"96":{"start":{"line":135,"column":0},"end":{"line":149,"column":3}},"97":{"start":{"line":136,"column":17},"end":{"line":136,"column":65}},"98":{"start":{"line":137,"column":4},"end":{"line":137,"column":65}},"99":{"start":{"line":139,"column":4},"end":{"line":139,"column":100}},"100":{"start":{"line":140,"column":4},"end":{"line":140,"column":74}},"101":{"start":{"line":141,"column":4},"end":{"line":141,"column":98}},"102":{"start":{"line":142,"column":4},"end":{"line":142,"column":72}},"103":{"start":{"line":144,"column":4},"end":{"line":144,"column":101}},"104":{"start":{"line":145,"column":4},"end":{"line":145,"column":74}},"105":{"start":{"line":146,"column":4},"end":{"line":146,"column":124}},"106":{"start":{"line":148,"column":4},"end":{"line":148,"column":11}},"107":{"start":{"line":151,"column":0},"end":{"line":169,"column":3}},"108":{"start":{"line":152,"column":17},"end":{"line":152,"column":88}},"109":{"start":{"line":153,"column":4},"end":{"line":153,"column":65}},"110":{"start":{"line":155,"column":4},"end":{"line":155,"column":100}},"111":{"start":{"line":156,"column":4},"end":{"line":156,"column":74}},"112":{"start":{"line":157,"column":4},"end":{"line":157,"column":98}},"113":{"start":{"line":158,"column":4},"end":{"line":158,"column":72}},"114":{"start":{"line":160,"column":4},"end":{"line":160,"column":114}},"115":{"start":{"line":161,"column":4},"end":{"line":161,"column":74}},"116":{"start":{"line":162,"column":4},"end":{"line":162,"column":86}},"117":{"start":{"line":164,"column":4},"end":{"line":164,"column":101}},"118":{"start":{"line":165,"column":4},"end":{"line":165,"column":81}},"119":{"start":{"line":166,"column":4},"end":{"line":166,"column":131}},"120":{"start":{"line":168,"column":4},"end":{"line":168,"column":11}},"121":{"start":{"line":171,"column":0},"end":{"line":185,"column":3}},"122":{"start":{"line":172,"column":17},"end":{"line":172,"column":71}},"123":{"start":{"line":173,"column":4},"end":{"line":173,"column":65}},"124":{"start":{"line":175,"column":4},"end":{"line":175,"column":100}},"125":{"start":{"line":176,"column":4},"end":{"line":176,"column":74}},"126":{"start":{"line":177,"column":4},"end":{"line":177,"column":98}},"127":{"start":{"line":178,"column":4},"end":{"line":178,"column":72}},"128":{"start":{"line":180,"column":4},"end":{"line":180,"column":98}},"129":{"start":{"line":181,"column":4},"end":{"line":181,"column":91}},"130":{"start":{"line":182,"column":4},"end":{"line":182,"column":96}},"131":{"start":{"line":184,"column":4},"end":{"line":184,"column":11}},"132":{"start":{"line":187,"column":0},"end":{"line":203,"column":3}},"133":{"start":{"line":188,"column":37},"end":{"line":192,"column":5}},"134":{"start":{"line":189,"column":8},"end":{"line":189,"column":34}},"135":{"start":{"line":190,"column":8},"end":{"line":190,"column":25}},"136":{"start":{"line":191,"column":8},"end":{"line":191,"column":30}},"137":{"start":{"line":194,"column":22},"end":{"line":199,"column":5}},"138":{"start":{"line":201,"column":4},"end":{"line":201,"column":100}},"139":{"start":{"line":201,"column":21},"end":{"line":201,"column":72}},"140":{"start":{"line":202,"column":4},"end":{"line":202,"column":11}},"141":{"start":{"line":205,"column":0},"end":{"line":210,"column":3}},"142":{"start":{"line":206,"column":26},"end":{"line":206,"column":62}},"143":{"start":{"line":207,"column":20},"end":{"line":207,"column":43}},"144":{"start":{"line":208,"column":4},"end":{"line":208,"column":45}},"145":{"start":{"line":209,"column":4},"end":{"line":209,"column":11}}},"fnMap":{"1":{"name":"(anonymous_1)","decl":{"start":{"line":11,"column":20},"end":{"line":11,"column":27}},"loc":{"start":{"line":11,"column":20},"end":{"line":11,"column":86}}},"2":{"name":"(anonymous_2)","decl":{"start":{"line":11,"column":47},"end":{"line":11,"column":47}},"loc":{"start":{"line":11,"column":63},"end":{"line":11,"column":83}}},"3":{"name":"(anonymous_3)","decl":{"start":{"line":12,"column":27},"end":{"line":12,"column":34}},"loc":{"start":{"line":12,"column":27},"end":{"line":12,"column":93}}},"4":{"name":"(anonymous_4)","decl":{"start":{"line":12,"column":54},"end":{"line":12,"column":54}},"loc":{"start":{"line":12,"column":70},"end":{"line":12,"column":90}}},"5":{"name":"(anonymous_5)","decl":{"start":{"line":13,"column":25},"end":{"line":13,"column":32}},"loc":{"start":{"line":13,"column":25},"end":{"line":13,"column":96}}},"6":{"name":"(anonymous_6)","decl":{"start":{"line":13,"column":52},"end":{"line":13,"column":52}},"loc":{"start":{"line":13,"column":68},"end":{"line":13,"column":93}}},"7":{"name":"(anonymous_7)","decl":{"start":{"line":14,"column":19},"end":{"line":14,"column":26}},"loc":{"start":{"line":14,"column":19},"end":{"line":14,"column":84}}},"8":{"name":"(anonymous_8)","decl":{"start":{"line":14,"column":46},"end":{"line":14,"column":46}},"loc":{"start":{"line":14,"column":62},"end":{"line":14,"column":81}}},"9":{"name":"(anonymous_9)","decl":{"start":{"line":16,"column":19},"end":{"line":null,"column":-1}},"loc":{"start":{"line":16,"column":19},"end":{"line":25,"column":1}}},"10":{"name":"(anonymous_10)","decl":{"start":{"line":27,"column":19},"end":{"line":null,"column":-1}},"loc":{"start":{"line":27,"column":19},"end":{"line":36,"column":1}}},"11":{"name":"(anonymous_11)","decl":{"start":{"line":38,"column":19},"end":{"line":null,"column":-1}},"loc":{"start":{"line":38,"column":19},"end":{"line":47,"column":1}}},"12":{"name":"(anonymous_12)","decl":{"start":{"line":64,"column":63},"end":{"line":64,"column":63}},"loc":{"start":{"line":64,"column":70},"end":{"line":68,"column":1}}},"13":{"name":"(anonymous_13)","decl":{"start":{"line":70,"column":50},"end":{"line":70,"column":50}},"loc":{"start":{"line":70,"column":57},"end":{"line":78,"column":1}}},"14":{"name":"(anonymous_14)","decl":{"start":{"line":71,"column":13},"end":{"line":71,"column":20}},"loc":{"start":{"line":71,"column":13},"end":{"line":71,"column":47}}},"15":{"name":"(anonymous_15)","decl":{"start":{"line":72,"column":13},"end":{"line":72,"column":20}},"loc":{"start":{"line":72,"column":13},"end":{"line":72,"column":64}}},"16":{"name":"(anonymous_16)","decl":{"start":{"line":73,"column":13},"end":{"line":73,"column":20}},"loc":{"start":{"line":73,"column":13},"end":{"line":73,"column":80}}},"17":{"name":"(anonymous_17)","decl":{"start":{"line":74,"column":13},"end":{"line":74,"column":20}},"loc":{"start":{"line":74,"column":13},"end":{"line":74,"column":93}}},"18":{"name":"(anonymous_18)","decl":{"start":{"line":75,"column":13},"end":{"line":75,"column":20}},"loc":{"start":{"line":75,"column":13},"end":{"line":75,"column":91}}},"19":{"name":"(anonymous_19)","decl":{"start":{"line":80,"column":52},"end":{"line":80,"column":52}},"loc":{"start":{"line":80,"column":59},"end":{"line":89,"column":1}}},"20":{"name":"(anonymous_20)","decl":{"start":{"line":81,"column":13},"end":{"line":81,"column":20}},"loc":{"start":{"line":81,"column":13},"end":{"line":81,"column":76}}},"21":{"name":"(anonymous_21)","decl":{"start":{"line":82,"column":13},"end":{"line":82,"column":20}},"loc":{"start":{"line":82,"column":13},"end":{"line":82,"column":99}}},"22":{"name":"(anonymous_22)","decl":{"start":{"line":91,"column":60},"end":{"line":91,"column":60}},"loc":{"start":{"line":91,"column":67},"end":{"line":98,"column":1}}},"23":{"name":"(anonymous_23)","decl":{"start":{"line":100,"column":61},"end":{"line":100,"column":61}},"loc":{"start":{"line":100,"column":68},"end":{"line":108,"column":1}}},"24":{"name":"(anonymous_24)","decl":{"start":{"line":110,"column":67},"end":{"line":110,"column":67}},"loc":{"start":{"line":110,"column":74},"end":{"line":117,"column":1}}},"25":{"name":"(anonymous_25)","decl":{"start":{"line":119,"column":69},"end":{"line":119,"column":69}},"loc":{"start":{"line":119,"column":76},"end":{"line":133,"column":1}}},"26":{"name":"(anonymous_26)","decl":{"start":{"line":135,"column":68},"end":{"line":135,"column":68}},"loc":{"start":{"line":135,"column":75},"end":{"line":149,"column":1}}},"27":{"name":"(anonymous_27)","decl":{"start":{"line":151,"column":76},"end":{"line":151,"column":76}},"loc":{"start":{"line":151,"column":83},"end":{"line":169,"column":1}}},"28":{"name":"(anonymous_28)","decl":{"start":{"line":171,"column":74},"end":{"line":171,"column":74}},"loc":{"start":{"line":171,"column":81},"end":{"line":185,"column":1}}},"29":{"name":"(anonymous_29)","decl":{"start":{"line":187,"column":52},"end":{"line":187,"column":52}},"loc":{"start":{"line":187,"column":59},"end":{"line":203,"column":1}}},"30":{"name":"(anonymous_30)","decl":{"start":{"line":188,"column":37},"end":{"line":null,"column":-1}},"loc":{"start":{"line":188,"column":37},"end":{"line":192,"column":5}}},"31":{"name":"(anonymous_31)","decl":{"start":{"line":201,"column":13},"end":{"line":201,"column":20}},"loc":{"start":{"line":201,"column":13},"end":{"line":201,"column":74}}},"32":{"name":"(anonymous_32)","decl":{"start":{"line":205,"column":43},"end":{"line":205,"column":43}},"loc":{"start":{"line":205,"column":50},"end":{"line":210,"column":1}}}},"branchMap":{},"s":{"1":1,"2":1,"3":1,"4":1,"5":1,"6":1,"7":1,"8":1,"9":0,"10":0,"11":1,"12":0,"13":0,"14":1,"15":0,"16":0,"17":1,"18":0,"19":0,"20":1,"21":1,"22":1,"23":1,"24":1,"25":1,"26":1,"27":1,"28":1,"29":1,"30":1,"31":1,"32":1,"33":1,"34":1,"35":1,"36":1,"37":1,"38":1,"39":1,"40":1,"41":1,"42":1,"43":1,"44":1,"45":1,"46":1,"47":1,"48":1,"49":1,"50":1,"51":1,"52":1,"53":1,"54":1,"55":1,"56":1,"57":1,"58":1,"59":1,"60":1,"61":1,"62":1,"63":1,"64":1,"65":1,"66":1,"67":1,"68":1,"69":1,"70":1,"71":1,"72":1,"73":1,"74":1,"75":1,"76":1,"77":1,"78":1,"79":1,"80":1,"81":1,"82":1,"83":1,"84":1,"85":1,"86":1,"87":1,"88":1,"89":1,"90":1,"91":1,"92":1,"93":1,"94":1,"95":1,"96":1,"97":1,"98":1,"99":1,"100":1,"101":1,"102":1,"103":1,"104":1,"105":1,"106":1,"107":1,"108":1,"109":1,"110":1,"111":1,"112":1,"113":1,"114":1,"115":1,"116":1,"117":1,"118":1,"119":1,"120":1,"121":1,"122":1,"123":1,"124":1,"125":1,"126":1,"127":1,"128":1,"129":1,"130":1,"131":1,"132":1,"133":1,"134":1,"135":1,"136":1,"137":1,"138":1,"139":1,"140":1,"141":1,"142":1,"143":1,"144":1,"145":1},"f":{"1":0,"2":0,"3":0,"4":0,"5":0,"6":0,"7":0,"8":0,"9":1,"10":1,"11":1,"12":1,"13":1,"14":1,"15":1,"16":1,"17":1,"18":1,"19":1,"20":1,"21":1,"22":1,"23":1,"24":1,"25":1,"26":1,"27":1,"28":1,"29":1,"30":1,"31":1,"32":1},"b":{}},"/Users/ajuhos/Sites/api/api-core/src/request/ApiRequest.ts":{"path":"/Users/ajuhos/Sites/api/api-core/src/request/ApiRequest.ts","statementMap":{"1":{"start":{"line":4,"column":0},"end":{"line":4,"column":64}},"2":{"start":{"line":8,"column":0},"end":{"line":15,"column":0}},"3":{"start":{"line":12,"column":4},"end":{"line":14,"column":5}},"4":{"start":{"line":13,"column":8},"end":{"line":13,"column":18}},"5":{"start":{"line":15,"column":0},"end":{"line":15,"column":1}},"6":{"start":{"line":8,"column":13},"end":{"line":15,"column":1}},"7":{"start":{"line":17,"column":0},"end":{"line":17,"column":50}},"8":{"start":{"line":17,"column":39},"end":{"line":17,"column":50}},"9":{"start":{"line":17,"column":0},"end":{"line":30,"column":0}},"10":{"start":{"line":22,"column":8},"end":{"line":22,"column":16}},"11":{"start":{"line":27,"column":4},"end":{"line":29,"column":5}},"12":{"start":{"line":28,"column":8},"end":{"line":28,"column":43}},"13":{"start":{"line":23,"column":8},"end":{"line":23,"column":25}},"14":{"start":{"line":24,"column":8},"end":{"line":24,"column":29}},"15":{"start":{"line":30,"column":0},"end":{"line":30,"column":1}},"16":{"start":{"line":17,"column":13},"end":{"line":30,"column":1}},"17":{"start":{"line":32,"column":0},"end":{"line":32,"column":48}},"18":{"start":{"line":32,"column":37},"end":{"line":32,"column":48}},"19":{"start":{"line":32,"column":0},"end":{"line":45,"column":0}},"20":{"start":{"line":37,"column":8},"end":{"line":37,"column":16}},"21":{"start":{"line":42,"column":4},"end":{"line":44,"column":5}},"22":{"start":{"line":43,"column":8},"end":{"line":43,"column":37}},"23":{"start":{"line":38,"column":8},"end":{"line":38,"column":25}},"24":{"start":{"line":39,"column":8},"end":{"line":39,"column":33}},"25":{"start":{"line":45,"column":0},"end":{"line":45,"column":1}},"26":{"start":{"line":32,"column":13},"end":{"line":45,"column":1}},"27":{"start":{"line":47,"column":0},"end":{"line":47,"column":49}},"28":{"start":{"line":47,"column":38},"end":{"line":47,"column":49}},"29":{"start":{"line":47,"column":0},"end":{"line":62,"column":0}},"30":{"start":{"line":53,"column":8},"end":{"line":53,"column":16}},"31":{"start":{"line":59,"column":4},"end":{"line":61,"column":5}},"32":{"start":{"line":60,"column":8},"end":{"line":60,"column":47}},"33":{"start":{"line":54,"column":8},"end":{"line":54,"column":25}},"34":{"start":{"line":55,"column":8},"end":{"line":55,"column":33}},"35":{"start":{"line":56,"column":8},"end":{"line":56,"column":21}},"36":{"start":{"line":62,"column":0},"end":{"line":62,"column":1}},"37":{"start":{"line":47,"column":13},"end":{"line":62,"column":1}},"38":{"start":{"line":64,"column":0},"end":{"line":64,"column":56}},"39":{"start":{"line":64,"column":45},"end":{"line":64,"column":56}},"40":{"start":{"line":64,"column":0},"end":{"line":77,"column":0}},"41":{"start":{"line":69,"column":8},"end":{"line":69,"column":16}},"42":{"start":{"line":74,"column":4},"end":{"line":76,"column":5}},"43":{"start":{"line":75,"column":8},"end":{"line":75,"column":57}},"44":{"start":{"line":70,"column":8},"end":{"line":70,"column":25}},"45":{"start":{"line":71,"column":8},"end":{"line":71,"column":33}},"46":{"start":{"line":77,"column":0},"end":{"line":77,"column":1}},"47":{"start":{"line":64,"column":13},"end":{"line":77,"column":1}},"48":{"start":{"line":79,"column":0},"end":{"line":89,"column":0}},"49":{"start":{"line":80,"column":4},"end":{"line":80,"column":33}},"50":{"start":{"line":82,"column":4},"end":{"line":84,"column":6}},"51":{"start":{"line":83,"column":8},"end":{"line":83,"column":36}},"52":{"start":{"line":86,"column":4},"end":{"line":88,"column":5}},"53":{"start":{"line":87,"column":8},"end":{"line":87,"column":76}},"54":{"start":{"line":87,"column":44},"end":{"line":87,"column":61}},"55":{"start":{"line":89,"column":0},"end":{"line":89,"column":1}},"56":{"start":{"line":79,"column":13},"end":{"line":89,"column":1}},"57":{"start":{"line":91,"column":0},"end":{"line":101,"column":1}},"58":{"start":{"line":92,"column":4},"end":{"line":92,"column":19}},"59":{"start":{"line":93,"column":4},"end":{"line":93,"column":19}},"60":{"start":{"line":94,"column":4},"end":{"line":94,"column":19}},"61":{"start":{"line":95,"column":4},"end":{"line":95,"column":19}},"62":{"start":{"line":96,"column":4},"end":{"line":96,"column":19}},"63":{"start":{"line":97,"column":4},"end":{"line":97,"column":19}},"64":{"start":{"line":99,"column":4},"end":{"line":99,"column":58}},"65":{"start":{"line":100,"column":4},"end":{"line":100,"column":36}},"66":{"start":{"line":91,"column":12},"end":{"line":101,"column":1}},"67":{"start":{"line":103,"column":0},"end":{"line":116,"column":0}},"68":{"start":{"line":107,"column":4},"end":{"line":107,"column":26}},"69":{"start":{"line":111,"column":8},"end":{"line":111,"column":23}},"70":{"start":{"line":112,"column":8},"end":{"line":112,"column":41}},"71":{"start":{"line":113,"column":8},"end":{"line":113,"column":40}},"72":{"start":{"line":114,"column":8},"end":{"line":114,"column":49}},"73":{"start":{"line":116,"column":0},"end":{"line":116,"column":1}},"74":{"start":{"line":103,"column":13},"end":{"line":116,"column":1}}},"fnMap":{"1":{"name":"(anonymous_3)","decl":{"start":{"line":8,"column":0},"end":{"line":null,"column":-1}},"loc":{"start":{"line":8,"column":0},"end":{"line":8,"column":-1}}},"2":{"name":"(anonymous_5)","decl":{"start":{"line":12,"column":14},"end":{"line":null,"column":-1}},"loc":{"start":{"line":12,"column":14},"end":{"line":14,"column":5}}},"3":{"name":"(anonymous_6)","decl":{"start":{"line":17,"column":0},"end":{"line":null,"column":-1}},"loc":{"start":{"line":17,"column":0},"end":{"line":17,"column":-1}}},"4":{"name":"MethodPathSegment","decl":{"start":{"line":21,"column":4},"end":{"line":21,"column":15}},"loc":{"start":{"line":21,"column":62},"end":{"line":25,"column":5}}},"5":{"name":"(anonymous_8)","decl":{"start":{"line":27,"column":14},"end":{"line":null,"column":-1}},"loc":{"start":{"line":27,"column":14},"end":{"line":29,"column":5}}},"6":{"name":"(anonymous_9)","decl":{"start":{"line":32,"column":0},"end":{"line":null,"column":-1}},"loc":{"start":{"line":32,"column":0},"end":{"line":32,"column":-1}}},"7":{"name":"EdgePathSegment","decl":{"start":{"line":36,"column":4},"end":{"line":36,"column":15}},"loc":{"start":{"line":36,"column":73},"end":{"line":40,"column":5}}},"8":{"name":"(anonymous_11)","decl":{"start":{"line":42,"column":14},"end":{"line":null,"column":-1}},"loc":{"start":{"line":42,"column":14},"end":{"line":44,"column":5}}},"9":{"name":"(anonymous_12)","decl":{"start":{"line":47,"column":0},"end":{"line":null,"column":-1}},"loc":{"start":{"line":47,"column":0},"end":{"line":47,"column":-1}}},"10":{"name":"EntryPathSegment","decl":{"start":{"line":52,"column":4},"end":{"line":52,"column":15}},"loc":{"start":{"line":52,"column":85},"end":{"line":57,"column":5}}},"11":{"name":"(anonymous_14)","decl":{"start":{"line":59,"column":14},"end":{"line":null,"column":-1}},"loc":{"start":{"line":59,"column":14},"end":{"line":61,"column":5}}},"12":{"name":"(anonymous_15)","decl":{"start":{"line":64,"column":0},"end":{"line":null,"column":-1}},"loc":{"start":{"line":64,"column":0},"end":{"line":64,"column":-1}}},"13":{"name":"RelatedFieldPathSegment","decl":{"start":{"line":68,"column":4},"end":{"line":68,"column":15}},"loc":{"start":{"line":68,"column":67},"end":{"line":72,"column":5}}},"14":{"name":"(anonymous_17)","decl":{"start":{"line":74,"column":14},"end":{"line":null,"column":-1}},"loc":{"start":{"line":74,"column":14},"end":{"line":76,"column":5}}},"15":{"name":"(anonymous_18)","decl":{"start":{"line":79,"column":0},"end":{"line":null,"column":-1}},"loc":{"start":{"line":79,"column":0},"end":{"line":79,"column":-1}}},"16":{"name":"(anonymous_20)","decl":{"start":{"line":82,"column":10},"end":{"line":82,"column":10}},"loc":{"start":{"line":82,"column":31},"end":{"line":84,"column":5}}},"17":{"name":"(anonymous_21)","decl":{"start":{"line":86,"column":14},"end":{"line":null,"column":-1}},"loc":{"start":{"line":86,"column":14},"end":{"line":88,"column":5}}},"18":{"name":"(anonymous_22)","decl":{"start":{"line":87,"column":33},"end":{"line":87,"column":32}},"loc":{"start":{"line":87,"column":40},"end":{"line":87,"column":61}}},"19":{"name":"(anonymous_23)","decl":{"start":{"line":91,"column":0},"end":{"line":91,"column":11}},"loc":{"start":{"line":91,"column":26},"end":{"line":101,"column":1}}},"20":{"name":"(anonymous_24)","decl":{"start":{"line":103,"column":0},"end":{"line":null,"column":-1}},"loc":{"start":{"line":103,"column":0},"end":{"line":103,"column":-1}}},"21":{"name":"ApiRequest","decl":{"start":{"line":110,"column":4},"end":{"line":110,"column":15}},"loc":{"start":{"line":110,"column":24},"end":{"line":115,"column":5}}}},"branchMap":{"1":{"loc":{"start":{"line":91,"column":12},"end":{"line":91,"column":26}},"type":"binary-expr","locations":[{"start":{"line":91,"column":12},"end":{"line":91,"column":26}},{"start":{"line":91,"column":12},"end":{"line":91,"column":26}}]}},"s":{"1":1,"2":1,"3":20,"4":0,"5":1,"6":1,"7":1,"8":1,"9":3,"10":3,"11":3,"12":0,"13":3,"14":3,"15":1,"16":1,"17":1,"18":1,"19":2,"20":2,"21":2,"22":0,"23":2,"24":2,"25":1,"26":1,"27":1,"28":1,"29":13,"30":13,"31":13,"32":0,"33":13,"34":13,"35":13,"36":1,"37":1,"38":1,"39":1,"40":2,"41":2,"42":2,"43":0,"44":2,"45":2,"46":1,"47":1,"48":19,"49":18,"50":18,"51":20,"52":18,"53":0,"54":0,"55":1,"56":1,"57":1,"58":1,"59":1,"60":1,"61":1,"62":1,"63":1,"64":1,"65":1,"66":1,"67":1,"68":1,"69":1,"70":1,"71":1,"72":1,"73":1,"74":1},"f":{"1":21,"2":0,"3":1,"4":3,"5":0,"6":1,"7":2,"8":0,"9":1,"10":13,"11":0,"12":1,"13":2,"14":0,"15":19,"16":20,"17":0,"18":0,"19":1,"20":1,"21":1},"b":{"1":[1,1]}},"/Users/ajuhos/Sites/api/api-core/src/edge/ApiEdgeQueryContext.ts":{"path":"/Users/ajuhos/Sites/api/api-core/src/edge/ApiEdgeQueryContext.ts","statementMap":{"1":{"start":{"line":1,"column":0},"end":{"line":1,"column":80}},"2":{"start":{"line":4,"column":0},"end":{"line":65,"column":0}},"3":{"start":{"line":34,"column":16},"end":{"line":34,"column":38}},"4":{"start":{"line":34,"column":40},"end":{"line":34,"column":61}},"5":{"start":{"line":6,"column":4},"end":{"line":6,"column":26}},"6":{"start":{"line":7,"column":4},"end":{"line":7,"column":48}},"7":{"start":{"line":12,"column":4},"end":{"line":12,"column":23}},"8":{"start":{"line":13,"column":4},"end":{"line":13,"column":39}},"9":{"start":{"line":15,"column":4},"end":{"line":32,"column":6}},"10":{"start":{"line":16,"column":19},"end":{"line":16,"column":44}},"11":{"start":{"line":17,"column":8},"end":{"line":17,"column":26}},"12":{"start":{"line":19,"column":8},"end":{"line":19,"column":54}},"13":{"start":{"line":19,"column":33},"end":{"line":19,"column":52}},"14":{"start":{"line":20,"column":8},"end":{"line":20,"column":78}},"15":{"start":{"line":20,"column":45},"end":{"line":20,"column":76}},"16":{"start":{"line":21,"column":8},"end":{"line":21,"column":64}},"17":{"start":{"line":21,"column":34},"end":{"line":21,"column":62}},"18":{"start":{"line":22,"column":8},"end":{"line":22,"column":65}},"19":{"start":{"line":22,"column":33},"end":{"line":22,"column":63}},"20":{"start":{"line":24,"column":8},"end":{"line":29,"column":9}},"21":{"start":{"line":25,"column":12},"end":{"line":28,"column":13}},"22":{"start":{"line":31,"column":8},"end":{"line":31,"column":20}},"23":{"start":{"line":39,"column":4},"end":{"line":44,"column":6}},"24":{"start":{"line":40,"column":8},"end":{"line":42,"column":10}},"25":{"start":{"line":43,"column":8},"end":{"line":43,"column":19}},"26":{"start":{"line":46,"column":4},"end":{"line":49,"column":6}},"27":{"start":{"line":46,"column":31},"end":{"line":46,"column":56}},"28":{"start":{"line":47,"column":8},"end":{"line":47,"column":60}},"29":{"start":{"line":48,"column":8},"end":{"line":48,"column":19}},"30":{"start":{"line":35,"column":8},"end":{"line":35,"column":21}},"31":{"start":{"line":36,"column":8},"end":{"line":36,"column":29}},"32":{"start":{"line":51,"column":4},"end":{"line":54,"column":5}},"33":{"start":{"line":52,"column":8},"end":{"line":52,"column":47}},"34":{"start":{"line":53,"column":8},"end":{"line":53,"column":19}},"35":{"start":{"line":56,"column":4},"end":{"line":59,"column":5}},"36":{"start":{"line":57,"column":8},"end":{"line":57,"column":32}},"37":{"start":{"line":58,"column":8},"end":{"line":58,"column":19}},"38":{"start":{"line":61,"column":4},"end":{"line":64,"column":5}},"39":{"start":{"line":62,"column":8},"end":{"line":62,"column":70}},"40":{"start":{"line":63,"column":8},"end":{"line":63,"column":19}},"41":{"start":{"line":65,"column":0},"end":{"line":65,"column":1}},"42":{"start":{"line":4,"column":13},"end":{"line":65,"column":1}}},"fnMap":{"1":{"name":"(anonymous_1)","decl":{"start":{"line":4,"column":0},"end":{"line":null,"column":-1}},"loc":{"start":{"line":4,"column":0},"end":{"line":4,"column":-1}}},"2":{"name":"ApiEdgeQueryContext","decl":{"start":{"line":34,"column":4},"end":{"line":34,"column":15}},"loc":{"start":{"line":34,"column":61},"end":{"line":37,"column":5}}},"3":{"name":"(anonymous_3)","decl":{"start":{"line":15,"column":12},"end":{"line":null,"column":-1}},"loc":{"start":{"line":15,"column":12},"end":{"line":32,"column":5}}},"4":{"name":"(anonymous_4)","decl":{"start":{"line":19,"column":28},"end":{"line":19,"column":27}},"loc":{"start":{"line":19,"column":29},"end":{"line":19,"column":52}}},"5":{"name":"(anonymous_5)","decl":{"start":{"line":20,"column":40},"end":{"line":20,"column":39}},"loc":{"start":{"line":20,"column":41},"end":{"line":20,"column":76}}},"6":{"name":"(anonymous_6)","decl":{"start":{"line":21,"column":29},"end":{"line":21,"column":28}},"loc":{"start":{"line":21,"column":30},"end":{"line":21,"column":62}}},"7":{"name":"(anonymous_7)","decl":{"start":{"line":22,"column":28},"end":{"line":22,"column":27}},"loc":{"start":{"line":22,"column":29},"end":{"line":22,"column":63}}},"8":{"name":"(anonymous_8)","decl":{"start":{"line":39,"column":15},"end":{"line":39,"column":15}},"loc":{"start":{"line":39,"column":43},"end":{"line":44,"column":5}}},"9":{"name":"(anonymous_9)","decl":{"start":{"line":46,"column":11},"end":{"line":46,"column":11}},"loc":{"start":{"line":46,"column":56},"end":{"line":49,"column":5}}},"10":{"name":"(anonymous_10)","decl":{"start":{"line":51,"column":4},"end":{"line":51,"column":12}},"loc":{"start":{"line":51,"column":39},"end":{"line":54,"column":5}}},"11":{"name":"(anonymous_11)","decl":{"start":{"line":56,"column":4},"end":{"line":56,"column":9}},"loc":{"start":{"line":56,"column":23},"end":{"line":59,"column":5}}},"12":{"name":"(anonymous_12)","decl":{"start":{"line":61,"column":4},"end":{"line":61,"column":10}},"loc":{"start":{"line":61,"column":66},"end":{"line":64,"column":5}}}},"branchMap":{"1":{"loc":{"start":{"line":34,"column":16},"end":{"line":34,"column":38}},"type":"if","locations":[{"start":{"line":34,"column":16},"end":{"line":34,"column":38}},{"start":{"line":34,"column":16},"end":{"line":34,"column":38}}]},"2":{"loc":{"start":{"line":34,"column":40},"end":{"line":34,"column":61}},"type":"if","locations":[{"start":{"line":34,"column":40},"end":{"line":34,"column":61}},{"start":{"line":34,"column":40},"end":{"line":34,"column":61}}]},"3":{"loc":{"start":{"line":24,"column":8},"end":{"line":29,"column":9}},"type":"if","locations":[{"start":{"line":24,"column":8},"end":{"line":29,"column":9}},{"start":{"line":24,"column":8},"end":{"line":29,"column":9}}]},"4":{"loc":{"start":{"line":46,"column":31},"end":{"line":46,"column":56}},"type":"if","locations":[{"start":{"line":46,"column":31},"end":{"line":46,"column":56}},{"start":{"line":46,"column":31},"end":{"line":46,"column":56}}]},"5":{"loc":{"start":{"line":47,"column":50},"end":{"line":47,"column":51}},"type":"cond-expr","locations":[{"start":{"line":47,"column":50},"end":{"line":47,"column":51}},{"start":{"line":47,"column":54},"end":{"line":47,"column":56}}]}},"s":{"1":1,"2":2,"3":2,"4":2,"5":1,"6":1,"7":1,"8":1,"9":1,"10":0,"11":0,"12":0,"13":0,"14":0,"15":0,"16":0,"17":0,"18":0,"19":0,"20":0,"21":0,"22":0,"23":1,"24":0,"25":0,"26":1,"27":0,"28":0,"29":0,"30":1,"31":1,"32":1,"33":0,"34":0,"35":1,"36":0,"37":0,"38":1,"39":0,"40":0,"41":1,"42":1},"f":{"1":1,"2":1,"3":0,"4":0,"5":0,"6":0,"7":0,"8":0,"9":0,"10":0,"11":0,"12":0},"b":{"1":[1,0],"2":[1,0],"3":[0,0],"4":[0,0],"5":[0,0]}},"/Users/ajuhos/Sites/api/api-core/src/edge/ApiEdgeQueryFilter.ts":{"path":"/Users/ajuhos/Sites/api/api-core/src/edge/ApiEdgeQueryFilter.ts","statementMap":{"1":{"start":{"line":1,"column":0},"end":{"line":10,"column":1}},"2":{"start":{"line":2,"column":4},"end":{"line":2,"column":10}},"3":{"start":{"line":3,"column":4},"end":{"line":3,"column":23}},"4":{"start":{"line":4,"column":4},"end":{"line":4,"column":15}},"5":{"start":{"line":5,"column":4},"end":{"line":5,"column":21}},"6":{"start":{"line":6,"column":4},"end":{"line":6,"column":13}},"7":{"start":{"line":7,"column":4},"end":{"line":7,"column":13}},"8":{"start":{"line":8,"column":4},"end":{"line":8,"column":11}},"9":{"start":{"line":9,"column":4},"end":{"line":9,"column":6}},"10":{"start":{"line":1,"column":12},"end":{"line":10,"column":1}},"11":{"start":{"line":12,"column":0},"end":{"line":24,"column":0}},"12":{"start":{"line":23,"column":4},"end":{"line":23,"column":76}},"13":{"start":{"line":23,"column":18},"end":{"line":23,"column":75}},"14":{"start":{"line":18,"column":8},"end":{"line":18,"column":27}},"15":{"start":{"line":19,"column":8},"end":{"line":19,"column":27}},"16":{"start":{"line":20,"column":8},"end":{"line":20,"column":25}},"17":{"start":{"line":24,"column":0},"end":{"line":24,"column":1}},"18":{"start":{"line":12,"column":13},"end":{"line":24,"column":1}}},"fnMap":{"1":{"name":"(anonymous_1)","decl":{"start":{"line":1,"column":0},"end":{"line":1,"column":11}},"loc":{"start":{"line":1,"column":34},"end":{"line":10,"column":1}}},"2":{"name":"(anonymous_2)","decl":{"start":{"line":12,"column":0},"end":{"line":null,"column":-1}},"loc":{"start":{"line":12,"column":0},"end":{"line":12,"column":-1}}},"3":{"name":"ApiEdgeQueryFilter","decl":{"start":{"line":17,"column":4},"end":{"line":17,"column":15}},"loc":{"start":{"line":17,"column":71},"end":{"line":21,"column":5}}},"4":{"name":"(anonymous_4)","decl":{"start":{"line":23,"column":12},"end":{"line":23,"column":17}},"loc":{"start":{"line":23,"column":12},"end":{"line":23,"column":75}}}},"branchMap":{"1":{"loc":{"start":{"line":1,"column":12},"end":{"line":1,"column":34}},"type":"binary-expr","locations":[{"start":{"line":1,"column":12},"end":{"line":1,"column":34}},{"start":{"line":1,"column":12},"end":{"line":1,"column":34}}]}},"s":{"1":1,"2":1,"3":1,"4":1,"5":1,"6":1,"7":1,"8":1,"9":1,"10":1,"11":1,"12":0,"13":0,"14":0,"15":0,"16":0,"17":1,"18":1},"f":{"1":1,"2":1,"3":0,"4":0},"b":{"1":[1,1]}},"/Users/ajuhos/Sites/api/api-core/src/edge/ApiEdgeMethod.ts":{"path":"/Users/ajuhos/Sites/api/api-core/src/edge/ApiEdgeMethod.ts","statementMap":{"1":{"start":{"line":2,"column":0},"end":{"line":2,"column":53}},"2":{"start":{"line":5,"column":0},"end":{"line":22,"column":1}},"3":{"start":{"line":10,"column":4},"end":{"line":10,"column":8}},"4":{"start":{"line":15,"column":4},"end":{"line":15,"column":9}},"5":{"start":{"line":20,"column":4},"end":{"line":20,"column":14}},"6":{"start":{"line":5,"column":12},"end":{"line":22,"column":1}},"7":{"start":{"line":24,"column":0},"end":{"line":39,"column":0}},"8":{"start":{"line":32,"column":16},"end":{"line":32,"column":67}},"9":{"start":{"line":33,"column":16},"end":{"line":33,"column":66}},"10":{"start":{"line":26,"column":4},"end":{"line":26,"column":55}},"11":{"start":{"line":27,"column":4},"end":{"line":27,"column":56}},"12":{"start":{"line":34,"column":8},"end":{"line":34,"column":25}},"13":{"start":{"line":35,"column":8},"end":{"line":35,"column":27}},"14":{"start":{"line":36,"column":8},"end":{"line":36,"column":31}},"15":{"start":{"line":37,"column":8},"end":{"line":37,"column":43}},"16":{"start":{"line":39,"column":0},"end":{"line":39,"column":1}},"17":{"start":{"line":24,"column":13},"end":{"line":39,"column":1}}},"fnMap":{"1":{"name":"(anonymous_1)","decl":{"start":{"line":5,"column":0},"end":{"line":5,"column":11}},"loc":{"start":{"line":5,"column":30},"end":{"line":22,"column":1}}},"2":{"name":"(anonymous_2)","decl":{"start":{"line":24,"column":0},"end":{"line":null,"column":-1}},"loc":{"start":{"line":24,"column":0},"end":{"line":24,"column":-1}}},"3":{"name":"ApiEdgeMethod","decl":{"start":{"line":30,"column":4},"end":{"line":30,"column":15}},"loc":{"start":{"line":33,"column":66},"end":{"line":38,"column":5}}}},"branchMap":{"1":{"loc":{"start":{"line":5,"column":12},"end":{"line":5,"column":30}},"type":"binary-expr","locations":[{"start":{"line":5,"column":12},"end":{"line":5,"column":30}},{"start":{"line":5,"column":12},"end":{"line":5,"column":30}}]},"2":{"loc":{"start":{"line":32,"column":16},"end":{"line":32,"column":67}},"type":"if","locations":[{"start":{"line":32,"column":16},"end":{"line":32,"column":67}},{"start":{"line":32,"column":16},"end":{"line":32,"column":67}}]},"3":{"loc":{"start":{"line":33,"column":16},"end":{"line":33,"column":66}},"type":"if","locations":[{"start":{"line":33,"column":16},"end":{"line":33,"column":66}},{"start":{"line":33,"column":16},"end":{"line":33,"column":66}}]}},"s":{"1":1,"2":1,"3":1,"4":1,"5":1,"6":1,"7":1,"8":9,"9":18,"10":9,"11":9,"12":9,"13":9,"14":9,"15":9,"16":1,"17":1},"f":{"1":1,"2":1,"3":9},"b":{"1":[1,1],"2":[0,9],"3":[9,0]}},"/Users/ajuhos/Sites/api/api-core/src/request/ApiRequestParser.ts":{"path":"/Users/ajuhos/Sites/api/api-core/src/request/ApiRequestParser.ts","statementMap":{"1":{"start":{"line":3,"column":0},"end":{"line":6,"column":22}},"2":{"start":{"line":7,"column":0},"end":{"line":7,"column":63}},"3":{"start":{"line":8,"column":0},"end":{"line":8,"column":65}},"4":{"start":{"line":9,"column":0},"end":{"line":9,"column":51}},"5":{"start":{"line":11,"column":0},"end":{"line":11,"column":72}},"6":{"start":{"line":13,"column":0},"end":{"line":108,"column":0}},"7":{"start":{"line":17,"column":8},"end":{"line":17,"column":23}},"8":{"start":{"line":20,"column":12},"end":{"line":22,"column":5}},"9":{"start":{"line":21,"column":8},"end":{"line":21,"column":39}},"10":{"start":{"line":24,"column":12},"end":{"line":26,"column":5}},"11":{"start":{"line":25,"column":8},"end":{"line":25,"column":80}},"12":{"start":{"line":25,"column":61},"end":{"line":25,"column":78}},"13":{"start":{"line":28,"column":12},"end":{"line":41,"column":5}},"14":{"start":{"line":31,"column":8},"end":{"line":40,"column":9}},"15":{"start":{"line":32,"column":12},"end":{"line":34,"column":103}},"16":{"start":{"line":33,"column":16},"end":{"line":34,"column":101}},"17":{"start":{"line":37,"column":12},"end":{"line":39,"column":108}},"18":{"start":{"line":38,"column":16},"end":{"line":39,"column":106}},"19":{"start":{"line":43,"column":4},"end":{"line":106,"column":5}},"20":{"start":{"line":44,"column":26},"end":{"line":44,"column":46}},"21":{"start":{"line":46,"column":47},"end":{"line":46,"column":51}},"22":{"start":{"line":47,"column":49},"end":{"line":47,"column":53}},"23":{"start":{"line":48,"column":23},"end":{"line":48,"column":28}},"24":{"start":{"line":49,"column":8},"end":{"line":98,"column":9}},"25":{"start":{"line":50,"column":26},"end":{"line":50,"column":42}},"26":{"start":{"line":52,"column":12},"end":{"line":97,"column":13}},"27":{"start":{"line":53,"column":58},"end":{"line":53,"column":100}},"28":{"start":{"line":54,"column":16},"end":{"line":85,"column":17}},"29":{"start":{"line":55,"column":20},"end":{"line":68,"column":21}},"30":{"start":{"line":56,"column":24},"end":{"line":56,"column":89}},"31":{"start":{"line":57,"column":24},"end":{"line":57,"column":69}},"32":{"start":{"line":58,"column":24},"end":{"line":58,"column":48}},"33":{"start":{"line":59,"column":24},"end":{"line":59,"column":40}},"34":{"start":{"line":61,"column":25},"end":{"line":68,"column":21}},"35":{"start":{"line":62,"column":24},"end":{"line":62,"column":70}},"36":{"start":{"line":63,"column":24},"end":{"line":63,"column":48}},"37":{"start":{"line":64,"column":24},"end":{"line":64,"column":41}},"38":{"start":{"line":67,"column":24},"end":{"line":67,"column":88}},"39":{"start":{"line":71,"column":58},"end":{"line":71,"column":108}},"40":{"start":{"line":73,"column":20},"end":{"line":84,"column":21}},"41":{"start":{"line":75,"column":24},"end":{"line":75,"column":81}},"42":{"start":{"line":76,"column":24},"end":{"line":76,"column":40}},"43":{"start":{"line":78,"column":25},"end":{"line":84,"column":21}},"44":{"start":{"line":79,"column":24},"end":{"line":79,"column":100}},"45":{"start":{"line":80,"column":24},"end":{"line":80,"column":40}},"46":{"start":{"line":83,"column":24},"end":{"line":83,"column":111}},"47":{"start":{"line":88,"column":27},"end":{"line":88,"column":55}},"48":{"start":{"line":90,"column":16},"end":{"line":96,"column":17}},"49":{"start":{"line":91,"column":20},"end":{"line":91,"column":36}},"50":{"start":{"line":92,"column":20},"end":{"line":92,"column":37}},"51":{"start":{"line":95,"column":20},"end":{"line":95,"column":75}},"52":{"start":{"line":100,"column":8},"end":{"line":103,"column":9}},"53":{"start":{"line":101,"column":12},"end":{"line":101,"column":73}},"54":{"start":{"line":102,"column":12},"end":{"line":102,"column":28}},"55":{"start":{"line":105,"column":8},"end":{"line":105,"column":26}},"56":{"start":{"line":108,"column":0},"end":{"line":108,"column":1}},"57":{"start":{"line":13,"column":13},"end":{"line":108,"column":1}},"58":{"start":{"line":110,"column":0},"end":{"line":124,"column":0}},"59":{"start":{"line":115,"column":8},"end":{"line":115,"column":23}},"60":{"start":{"line":116,"column":8},"end":{"line":116,"column":56}},"61":{"start":{"line":119,"column":4},"end":{"line":123,"column":5}},"62":{"start":{"line":120,"column":22},"end":{"line":120,"column":46}},"63":{"start":{"line":121,"column":8},"end":{"line":121,"column":55}},"64":{"start":{"line":122,"column":8},"end":{"line":122,"column":23}},"65":{"start":{"line":124,"column":0},"end":{"line":124,"column":1}},"66":{"start":{"line":110,"column":13},"end":{"line":124,"column":1}}},"fnMap":{"1":{"name":"(anonymous_1)","decl":{"start":{"line":13,"column":0},"end":{"line":null,"column":-1}},"loc":{"start":{"line":13,"column":0},"end":{"line":13,"column":-1}}},"2":{"name":"ApiRequestPathParser","decl":{"start":{"line":16,"column":4},"end":{"line":16,"column":15}},"loc":{"start":{"line":16,"column":24},"end":{"line":18,"column":5}}},"3":{"name":"(anonymous_3)","decl":{"start":{"line":20,"column":4},"end":{"line":20,"column":26}},"loc":{"start":{"line":20,"column":54},"end":{"line":22,"column":5}}},"4":{"name":"(anonymous_4)","decl":{"start":{"line":24,"column":4},"end":{"line":24,"column":30}},"loc":{"start":{"line":24,"column":83},"end":{"line":26,"column":5}}},"5":{"name":"(anonymous_5)","decl":{"start":{"line":25,"column":35},"end":{"line":25,"column":35}},"loc":{"start":{"line":25,"column":56},"end":{"line":25,"column":78}}},"6":{"name":"(anonymous_6)","decl":{"start":{"line":28,"column":4},"end":{"line":28,"column":28}},"loc":{"start":{"line":30,"column":46},"end":{"line":41,"column":5}}},"7":{"name":"(anonymous_7)","decl":{"start":{"line":32,"column":37},"end":{"line":32,"column":37}},"loc":{"start":{"line":32,"column":59},"end":{"line":34,"column":101}}},"8":{"name":"(anonymous_8)","decl":{"start":{"line":37,"column":37},"end":{"line":37,"column":37}},"loc":{"start":{"line":37,"column":59},"end":{"line":39,"column":106}}},"9":{"name":"(anonymous_9)","decl":{"start":{"line":43,"column":4},"end":{"line":43,"column":9}},"loc":{"start":{"line":43,"column":28},"end":{"line":106,"column":5}}},"10":{"name":"(anonymous_10)","decl":{"start":{"line":110,"column":0},"end":{"line":null,"column":-1}},"loc":{"start":{"line":110,"column":0},"end":{"line":110,"column":-1}}},"11":{"name":"ApiRequestParser","decl":{"start":{"line":114,"column":4},"end":{"line":114,"column":15}},"loc":{"start":{"line":114,"column":24},"end":{"line":117,"column":5}}},"12":{"name":"(anonymous_12)","decl":{"start":{"line":119,"column":4},"end":{"line":119,"column":9}},"loc":{"start":{"line":119,"column":28},"end":{"line":123,"column":5}}}},"branchMap":{"1":{"loc":{"start":{"line":31,"column":8},"end":{"line":40,"column":9}},"type":"if","locations":[{"start":{"line":31,"column":8},"end":{"line":40,"column":9}},{"start":{"line":31,"column":8},"end":{"line":40,"column":9}}]},"2":{"loc":{"start":{"line":33,"column":16},"end":{"line":33,"column":36}},"type":"binary-expr","locations":[{"start":{"line":33,"column":16},"end":{"line":33,"column":36}},{"start":{"line":34,"column":17},"end":{"line":34,"column":57}},{"start":{"line":34,"column":61},"end":{"line":34,"column":100}}]},"3":{"loc":{"start":{"line":38,"column":16},"end":{"line":38,"column":36}},"type":"binary-expr","locations":[{"start":{"line":38,"column":16},"end":{"line":38,"column":36}},{"start":{"line":39,"column":17},"end":{"line":39,"column":62}},{"start":{"line":39,"column":66},"end":{"line":39,"column":105}}]},"4":{"loc":{"start":{"line":52,"column":12},"end":{"line":97,"column":13}},"type":"if","locations":[{"start":{"line":52,"column":12},"end":{"line":97,"column":13}},{"start":{"line":52,"column":12},"end":{"line":97,"column":13}}]},"5":{"loc":{"start":{"line":54,"column":16},"end":{"line":85,"column":17}},"type":"if","locations":[{"start":{"line":54,"column":16},"end":{"line":85,"column":17}},{"start":{"line":54,"column":16},"end":{"line":85,"column":17}}]},"6":{"loc":{"start":{"line":55,"column":20},"end":{"line":68,"column":21}},"type":"if","locations":[{"start":{"line":55,"column":20},"end":{"line":68,"column":21}},{"start":{"line":55,"column":20},"end":{"line":68,"column":21}}]},"7":{"loc":{"start":{"line":61,"column":25},"end":{"line":68,"column":21}},"type":"if","locations":[{"start":{"line":61,"column":25},"end":{"line":68,"column":21}},{"start":{"line":61,"column":25},"end":{"line":68,"column":21}}]},"8":{"loc":{"start":{"line":61,"column":28},"end":{"line":61,"column":36}},"type":"binary-expr","locations":[{"start":{"line":61,"column":28},"end":{"line":61,"column":36}},{"start":{"line":61,"column":40},"end":{"line":61,"column":77}}]},"9":{"loc":{"start":{"line":73,"column":20},"end":{"line":84,"column":21}},"type":"if","locations":[{"start":{"line":73,"column":20},"end":{"line":84,"column":21}},{"start":{"line":73,"column":20},"end":{"line":84,"column":21}}]},"10":{"loc":{"start":{"line":78,"column":25},"end":{"line":84,"column":21}},"type":"if","locations":[{"start":{"line":78,"column":25},"end":{"line":84,"column":21}},{"start":{"line":78,"column":25},"end":{"line":84,"column":21}}]},"11":{"loc":{"start":{"line":90,"column":16},"end":{"line":96,"column":17}},"type":"if","locations":[{"start":{"line":90,"column":16},"end":{"line":96,"column":17}},{"start":{"line":90,"column":16},"end":{"line":96,"column":17}}]},"12":{"loc":{"start":{"line":100,"column":8},"end":{"line":103,"column":9}},"type":"if","locations":[{"start":{"line":100,"column":8},"end":{"line":103,"column":9}},{"start":{"line":100,"column":8},"end":{"line":103,"column":9}}]},"13":{"loc":{"start":{"line":100,"column":11},"end":{"line":100,"column":19}},"type":"binary-expr","locations":[{"start":{"line":100,"column":11},"end":{"line":100,"column":19}},{"start":{"line":100,"column":23},"end":{"line":100,"column":32}}]}},"s":{"1":1,"2":1,"3":1,"4":1,"5":1,"6":1,"7":6,"8":1,"9":15,"10":1,"11":27,"12":51,"13":1,"14":22,"15":8,"16":20,"17":14,"18":42,"19":1,"20":17,"21":17,"22":17,"23":17,"24":17,"25":42,"26":42,"27":27,"28":27,"29":5,"30":2,"31":2,"32":2,"33":2,"34":3,"35":2,"36":2,"37":2,"38":1,"39":22,"40":22,"41":3,"42":3,"43":19,"44":13,"45":13,"46":6,"47":15,"48":15,"49":14,"50":14,"51":1,"52":9,"53":2,"54":2,"55":9,"56":1,"57":1,"58":1,"59":4,"60":4,"61":1,"62":1,"63":1,"64":1,"65":1,"66":1},"f":{"1":1,"2":6,"3":15,"4":27,"5":51,"6":22,"7":20,"8":42,"9":17,"10":1,"11":4,"12":1},"b":{"1":[8,14],"2":[20,3,1],"3":[42,1,1],"4":[27,15],"5":[5,22],"6":[2,3],"7":[2,1],"8":[3,3],"9":[3,19],"10":[13,6],"11":[14,1],"12":[2,7],"13":[9,7]}},"/Users/ajuhos/Sites/api/api-core/src/relations/OneToOneRelation.ts":{"path":"/Users/ajuhos/Sites/api/api-core/src/relations/OneToOneRelation.ts","statementMap":{"1":{"start":{"line":3,"column":0},"end":{"line":3,"column":27}},"2":{"start":{"line":5,"column":0},"end":{"line":23,"column":0}},"3":{"start":{"line":14,"column":16},"end":{"line":15,"column":71}},"4":{"start":{"line":17,"column":8},"end":{"line":17,"column":25}},"5":{"start":{"line":18,"column":8},"end":{"line":18,"column":21}},"6":{"start":{"line":19,"column":8},"end":{"line":19,"column":44}},"7":{"start":{"line":20,"column":8},"end":{"line":20,"column":59}},"8":{"start":{"line":21,"column":8},"end":{"line":21,"column":79}},"9":{"start":{"line":23,"column":0},"end":{"line":23,"column":1}},"10":{"start":{"line":5,"column":13},"end":{"line":23,"column":1}}},"fnMap":{"1":{"name":"(anonymous_1)","decl":{"start":{"line":5,"column":0},"end":{"line":null,"column":-1}},"loc":{"start":{"line":5,"column":0},"end":{"line":5,"column":-1}}},"2":{"name":"OneToOneRelation","decl":{"start":{"line":12,"column":4},"end":{"line":12,"column":15}},"loc":{"start":{"line":15,"column":71},"end":{"line":22,"column":5}}}},"branchMap":{"1":{"loc":{"start":{"line":14,"column":16},"end":{"line":15,"column":71}},"type":"if","locations":[{"start":{"line":14,"column":16},"end":{"line":15,"column":71}},{"start":{"line":14,"column":16},"end":{"line":15,"column":71}}]},"2":{"loc":{"start":{"line":19,"column":20},"end":{"line":19,"column":32}},"type":"binary-expr","locations":[{"start":{"line":19,"column":20},"end":{"line":19,"column":32}},{"start":{"line":19,"column":36},"end":{"line":19,"column":43}}]},"3":{"loc":{"start":{"line":20,"column":25},"end":{"line":20,"column":42}},"type":"binary-expr","locations":[{"start":{"line":20,"column":25},"end":{"line":20,"column":42}},{"start":{"line":20,"column":46},"end":{"line":20,"column":58}}]},"4":{"loc":{"start":{"line":21,"column":26},"end":{"line":21,"column":44}},"type":"binary-expr","locations":[{"start":{"line":21,"column":26},"end":{"line":21,"column":44}},{"start":{"line":21,"column":48},"end":{"line":21,"column":78}}]}},"s":{"1":1,"2":1,"3":2,"4":1,"5":1,"6":1,"7":1,"8":1,"9":1,"10":1},"f":{"1":1,"2":1},"b":{"1":[1,0],"2":[1,1],"3":[1,1],"4":[1,1]}},"/Users/ajuhos/Sites/api/api-core/src/Api.ts":{"path":"/Users/ajuhos/Sites/api/api-core/src/Api.ts","statementMap":{"1":{"start":{"line":2,"column":0},"end":{"line":2,"column":60}},"2":{"start":{"line":3,"column":0},"end":{"line":3,"column":56}},"3":{"start":{"line":7,"column":0},"end":{"line":7,"column":66}},"4":{"start":{"line":10,"column":0},"end":{"line":62,"column":0}},"5":{"start":{"line":20,"column":33},"end":{"line":20,"column":61}},"6":{"start":{"line":20,"column":33},"end":{"line":20,"column":62}},"7":{"start":{"line":15,"column":4},"end":{"line":15,"column":36}},"8":{"start":{"line":16,"column":4},"end":{"line":16,"column":30}},"9":{"start":{"line":27,"column":4},"end":{"line":29,"column":6}},"10":{"start":{"line":28,"column":8},"end":{"line":28,"column":84}},"11":{"start":{"line":28,"column":60},"end":{"line":28,"column":83}},"12":{"start":{"line":31,"column":4},"end":{"line":33,"column":6}},"13":{"start":{"line":32,"column":8},"end":{"line":32,"column":47}},"14":{"start":{"line":35,"column":4},"end":{"line":37,"column":6}},"15":{"start":{"line":36,"column":8},"end":{"line":36,"column":48}},"16":{"start":{"line":50,"column":4},"end":{"line":53,"column":6}},"17":{"start":{"line":51,"column":8},"end":{"line":51,"column":37}},"18":{"start":{"line":52,"column":8},"end":{"line":52,"column":19}},"19":{"start":{"line":55,"column":4},"end":{"line":60,"column":6}},"20":{"start":{"line":57,"column":14},"end":{"line":57,"column":78}},"21":{"start":{"line":58,"column":8},"end":{"line":58,"column":72}},"22":{"start":{"line":59,"column":8},"end":{"line":59,"column":19}},"23":{"start":{"line":21,"column":8},"end":{"line":21,"column":31}},"24":{"start":{"line":22,"column":8},"end":{"line":22,"column":27}},"25":{"start":{"line":23,"column":8},"end":{"line":23,"column":49}},"26":{"start":{"line":24,"column":8},"end":{"line":24,"column":54}},"27":{"start":{"line":39,"column":4},"end":{"line":42,"column":5}},"28":{"start":{"line":40,"column":8},"end":{"line":40,"column":30}},"29":{"start":{"line":41,"column":8},"end":{"line":41,"column":19}},"30":{"start":{"line":44,"column":4},"end":{"line":48,"column":5}},"31":{"start":{"line":45,"column":8},"end":{"line":45,"column":47}},"32":{"start":{"line":46,"column":8},"end":{"line":46,"column":45}},"33":{"start":{"line":47,"column":8},"end":{"line":47,"column":19}},"34":{"start":{"line":11,"column":11},"end":{"line":11,"column":43}},"35":{"start":{"line":12,"column":11},"end":{"line":12,"column":41}},"36":{"start":{"line":62,"column":0},"end":{"line":62,"column":1}},"37":{"start":{"line":10,"column":13},"end":{"line":62,"column":1}}},"fnMap":{"1":{"name":"(anonymous_1)","decl":{"start":{"line":10,"column":0},"end":{"line":null,"column":-1}},"loc":{"start":{"line":10,"column":0},"end":{"line":10,"column":-1}}},"2":{"name":"Api","decl":{"start":{"line":20,"column":4},"end":{"line":20,"column":15}},"loc":{"start":{"line":20,"column":31},"end":{"line":25,"column":5}}},"3":{"name":"(anonymous_3)","decl":{"start":{"line":27,"column":15},"end":{"line":27,"column":15}},"loc":{"start":{"line":27,"column":43},"end":{"line":29,"column":5}}},"4":{"name":"(anonymous_4)","decl":{"start":{"line":28,"column":31},"end":{"line":28,"column":31}},"loc":{"start":{"line":28,"column":55},"end":{"line":28,"column":83}}},"5":{"name":"(anonymous_5)","decl":{"start":{"line":31,"column":19},"end":{"line":31,"column":19}},"loc":{"start":{"line":31,"column":42},"end":{"line":33,"column":5}}},"6":{"name":"(anonymous_6)","decl":{"start":{"line":35,"column":17},"end":{"line":35,"column":17}},"loc":{"start":{"line":35,"column":37},"end":{"line":37,"column":5}}},"7":{"name":"(anonymous_7)","decl":{"start":{"line":50,"column":10},"end":{"line":50,"column":10}},"loc":{"start":{"line":50,"column":28},"end":{"line":53,"column":5}}},"8":{"name":"(anonymous_8)","decl":{"start":{"line":55,"column":13},"end":{"line":55,"column":13}},"loc":{"start":{"line":57,"column":78},"end":{"line":60,"column":5}}},"9":{"name":"(anonymous_9)","decl":{"start":{"line":39,"column":4},"end":{"line":39,"column":8}},"loc":{"start":{"line":39,"column":32},"end":{"line":42,"column":5}}},"10":{"name":"(anonymous_10)","decl":{"start":{"line":44,"column":4},"end":{"line":44,"column":12}},"loc":{"start":{"line":44,"column":38},"end":{"line":48,"column":5}}}},"branchMap":{"1":{"loc":{"start":{"line":57,"column":14},"end":{"line":57,"column":78}},"type":"if","locations":[{"start":{"line":57,"column":14},"end":{"line":57,"column":78}},{"start":{"line":57,"column":14},"end":{"line":57,"column":78}}]}},"s":{"1":1,"2":1,"3":1,"4":4,"5":3,"6":0,"7":3,"8":3,"9":3,"10":15,"11":17,"12":3,"13":0,"14":3,"15":0,"16":3,"17":0,"18":0,"19":3,"20":0,"21":0,"22":0,"23":3,"24":3,"25":3,"26":3,"27":1,"28":5,"29":5,"30":1,"31":3,"32":3,"33":3,"34":1,"35":1,"36":1,"37":1},"f":{"1":1,"2":3,"3":15,"4":17,"5":0,"6":0,"7":0,"8":0,"9":5,"10":3},"b":{"1":[0,0]}},"/Users/ajuhos/Sites/api/api-core/src/query/ApiQueryBuilder.ts":{"path":"/Users/ajuhos/Sites/api/api-core/src/query/ApiQueryBuilder.ts","statementMap":{"1":{"start":{"line":1,"column":0},"end":{"line":1,"column":62}},"2":{"start":{"line":2,"column":0},"end":{"line":2,"column":50}},"3":{"start":{"line":3,"column":0},"end":{"line":3,"column":64}},"4":{"start":{"line":5,"column":0},"end":{"line":5,"column":44}},"5":{"start":{"line":6,"column":0},"end":{"line":6,"column":86}},"6":{"start":{"line":7,"column":0},"end":{"line":10,"column":31}},"7":{"start":{"line":11,"column":0},"end":{"line":11,"column":66}},"8":{"start":{"line":12,"column":0},"end":{"line":12,"column":58}},"9":{"start":{"line":13,"column":0},"end":{"line":13,"column":63}},"10":{"start":{"line":14,"column":0},"end":{"line":14,"column":27}},"11":{"start":{"line":16,"column":0},"end":{"line":16,"column":100}},"12":{"start":{"line":17,"column":0},"end":{"line":17,"column":60}},"13":{"start":{"line":18,"column":14},"end":{"line":18,"column":34}},"14":{"start":{"line":20,"column":0},"end":{"line":91,"column":0}},"15":{"start":{"line":39,"column":4},"end":{"line":88,"column":6}},"16":{"start":{"line":40,"column":8},"end":{"line":87,"column":10}},"17":{"start":{"line":41,"column":12},"end":{"line":86,"column":31}},"18":{"start":{"line":42,"column":31},"end":{"line":42,"column":50}},"19":{"start":{"line":44,"column":16},"end":{"line":84,"column":17}},"20":{"start":{"line":45,"column":66},"end":{"line":45,"column":68}},"21":{"start":{"line":46,"column":40},"end":{"line":46,"column":42}},"22":{"start":{"line":48,"column":20},"end":{"line":55,"column":21}},"23":{"start":{"line":48,"column":33},"end":{"line":48,"column":32}},"24":{"start":{"line":49,"column":35},"end":{"line":49,"column":58}},"25":{"start":{"line":50,"column":24},"end":{"line":54,"column":25}},"26":{"start":{"line":51,"column":28},"end":{"line":52,"column":59}},"27":{"start":{"line":51,"column":49},"end":{"line":51,"column":77}},"28":{"start":{"line":52,"column":33},"end":{"line":52,"column":59}},"29":{"start":{"line":53,"column":28},"end":{"line":53,"column":41}},"30":{"start":{"line":57,"column":20},"end":{"line":59,"column":22}},"31":{"start":{"line":61,"column":20},"end":{"line":73,"column":37}},"32":{"start":{"line":62,"column":24},"end":{"line":71,"column":25}},"33":{"start":{"line":63,"column":28},"end":{"line":70,"column":29}},"34":{"start":{"line":63,"column":42},"end":{"line":63,"column":41}},"35":{"start":{"line":64,"column":43},"end":{"line":64,"column":62}},"36":{"start":{"line":65,"column":32},"end":{"line":69,"column":33}},"37":{"start":{"line":66,"column":36},"end":{"line":68,"column":37}},"38":{"start":{"line":66,"column":53},"end":{"line":66,"column":52}},"39":{"start":{"line":67,"column":40},"end":{"line":67,"column":75}},"40":{"start":{"line":72,"column":24},"end":{"line":72,"column":38}},"41":{"start":{"line":78,"column":21},"end":{"line":78,"column":85}},"42":{"start":{"line":80,"column":20},"end":{"line":83,"column":37}},"43":{"start":{"line":81,"column":24},"end":{"line":81,"column":65}},"44":{"start":{"line":82,"column":24},"end":{"line":82,"column":38}},"45":{"start":{"line":86,"column":17},"end":{"line":86,"column":31}},"46":{"start":{"line":90,"column":4},"end":{"line":90,"column":78}},"47":{"start":{"line":90,"column":20},"end":{"line":90,"column":77}},"48":{"start":{"line":29,"column":8},"end":{"line":29,"column":27}},"49":{"start":{"line":30,"column":8},"end":{"line":30,"column":52}},"50":{"start":{"line":31,"column":8},"end":{"line":31,"column":31}},"51":{"start":{"line":33,"column":8},"end":{"line":33,"column":81}},"52":{"start":{"line":33,"column":35},"end":{"line":33,"column":81}},"53":{"start":{"line":34,"column":8},"end":{"line":34,"column":60}},"54":{"start":{"line":35,"column":8},"end":{"line":35,"column":54}},"55":{"start":{"line":36,"column":8},"end":{"line":36,"column":55}},"56":{"start":{"line":91,"column":0},"end":{"line":91,"column":1}},"57":{"start":{"line":20,"column":13},"end":{"line":91,"column":1}},"58":{"start":{"line":93,"column":0},"end":{"line":114,"column":0}},"59":{"start":{"line":100,"column":4},"end":{"line":111,"column":6}},"60":{"start":{"line":101,"column":8},"end":{"line":110,"column":10}},"61":{"start":{"line":102,"column":12},"end":{"line":102,"column":41}},"62":{"start":{"line":103,"column":12},"end":{"line":103,"column":47}},"63":{"start":{"line":105,"column":12},"end":{"line":109,"column":29}},"64":{"start":{"line":106,"column":16},"end":{"line":106,"column":58}},"65":{"start":{"line":107,"column":16},"end":{"line":107,"column":42}},"66":{"start":{"line":108,"column":16},"end":{"line":108,"column":30}},"67":{"start":{"line":113,"column":4},"end":{"line":113,"column":59}},"68":{"start":{"line":113,"column":20},"end":{"line":113,"column":58}},"69":{"start":{"line":97,"column":8},"end":{"line":97,"column":27}},"70":{"start":{"line":114,"column":0},"end":{"line":114,"column":1}},"71":{"start":{"line":93,"column":13},"end":{"line":114,"column":1}},"72":{"start":{"line":116,"column":0},"end":{"line":133,"column":0}},"73":{"start":{"line":123,"column":4},"end":{"line":130,"column":6}},"74":{"start":{"line":124,"column":8},"end":{"line":129,"column":10}},"75":{"start":{"line":125,"column":12},"end":{"line":128,"column":29}},"76":{"start":{"line":126,"column":16},"end":{"line":126,"column":42}},"77":{"start":{"line":127,"column":16},"end":{"line":127,"column":30}},"78":{"start":{"line":132,"column":4},"end":{"line":132,"column":48}},"79":{"start":{"line":132,"column":20},"end":{"line":132,"column":47}},"80":{"start":{"line":120,"column":8},"end":{"line":120,"column":29}},"81":{"start":{"line":133,"column":0},"end":{"line":133,"column":1}},"82":{"start":{"line":116,"column":13},"end":{"line":133,"column":1}},"83":{"start":{"line":135,"column":0},"end":{"line":151,"column":0}},"84":{"start":{"line":142,"column":4},"end":{"line":148,"column":6}},"85":{"start":{"line":143,"column":8},"end":{"line":147,"column":10}},"86":{"start":{"line":144,"column":12},"end":{"line":144,"column":94}},"87":{"start":{"line":144,"column":32},"end":{"line":144,"column":94}},"88":{"start":{"line":145,"column":12},"end":{"line":145,"column":136}},"89":{"start":{"line":146,"column":12},"end":{"line":146,"column":27}},"90":{"start":{"line":150,"column":4},"end":{"line":150,"column":86}},"91":{"start":{"line":150,"column":20},"end":{"line":150,"column":85}},"92":{"start":{"line":139,"column":8},"end":{"line":139,"column":33}},"93":{"start":{"line":151,"column":0},"end":{"line":151,"column":1}},"94":{"start":{"line":135,"column":13},"end":{"line":151,"column":1}},"95":{"start":{"line":153,"column":0},"end":{"line":169,"column":0}},"96":{"start":{"line":160,"column":4},"end":{"line":166,"column":6}},"97":{"start":{"line":161,"column":8},"end":{"line":165,"column":10}},"98":{"start":{"line":162,"column":12},"end":{"line":162,"column":94}},"99":{"start":{"line":162,"column":32},"end":{"line":162,"column":94}},"100":{"start":{"line":163,"column":12},"end":{"line":163,"column":136}},"101":{"start":{"line":164,"column":12},"end":{"line":164,"column":27}},"102":{"start":{"line":168,"column":4},"end":{"line":168,"column":86}},"103":{"start":{"line":168,"column":20},"end":{"line":168,"column":85}},"104":{"start":{"line":157,"column":8},"end":{"line":157,"column":33}},"105":{"start":{"line":169,"column":0},"end":{"line":169,"column":1}},"106":{"start":{"line":153,"column":13},"end":{"line":169,"column":1}},"107":{"start":{"line":171,"column":0},"end":{"line":190,"column":0}},"108":{"start":{"line":178,"column":4},"end":{"line":187,"column":6}},"109":{"start":{"line":179,"column":8},"end":{"line":186,"column":10}},"110":{"start":{"line":180,"column":12},"end":{"line":180,"column":81}},"111":{"start":{"line":180,"column":28},"end":{"line":180,"column":81}},"112":{"start":{"line":181,"column":12},"end":{"line":181,"column":94}},"113":{"start":{"line":181,"column":32},"end":{"line":181,"column":94}},"114":{"start":{"line":182,"column":12},"end":{"line":184,"column":62}},"115":{"start":{"line":185,"column":12},"end":{"line":185,"column":27}},"116":{"start":{"line":189,"column":4},"end":{"line":189,"column":64}},"117":{"start":{"line":189,"column":20},"end":{"line":189,"column":63}},"118":{"start":{"line":175,"column":8},"end":{"line":175,"column":33}},"119":{"start":{"line":190,"column":0},"end":{"line":190,"column":1}},"120":{"start":{"line":171,"column":13},"end":{"line":190,"column":1}},"121":{"start":{"line":219,"column":0},"end":{"line":235,"column":0}},"122":{"start":{"line":226,"column":4},"end":{"line":232,"column":6}},"123":{"start":{"line":227,"column":8},"end":{"line":231,"column":10}},"124":{"start":{"line":228,"column":12},"end":{"line":228,"column":43}},"125":{"start":{"line":229,"column":12},"end":{"line":229,"column":54}},"126":{"start":{"line":230,"column":12},"end":{"line":230,"column":27}},"127":{"start":{"line":234,"column":4},"end":{"line":234,"column":35}},"128":{"start":{"line":234,"column":20},"end":{"line":234,"column":34}},"129":{"start":{"line":223,"column":8},"end":{"line":223,"column":33}},"130":{"start":{"line":235,"column":0},"end":{"line":235,"column":1}},"131":{"start":{"line":219,"column":13},"end":{"line":235,"column":1}},"132":{"start":{"line":237,"column":0},"end":{"line":252,"column":0}},"133":{"start":{"line":244,"column":4},"end":{"line":249,"column":6}},"134":{"start":{"line":245,"column":8},"end":{"line":248,"column":10}},"135":{"start":{"line":246,"column":12},"end":{"line":246,"column":35}},"136":{"start":{"line":247,"column":12},"end":{"line":247,"column":27}},"137":{"start":{"line":251,"column":4},"end":{"line":251,"column":31}},"138":{"start":{"line":251,"column":20},"end":{"line":251,"column":30}},"139":{"start":{"line":241,"column":8},"end":{"line":241,"column":25}},"140":{"start":{"line":252,"column":0},"end":{"line":252,"column":1}},"141":{"start":{"line":237,"column":13},"end":{"line":252,"column":1}},"142":{"start":{"line":254,"column":0},"end":{"line":270,"column":0}},"143":{"start":{"line":257,"column":16},"end":{"line":257,"column":54}},"144":{"start":{"line":261,"column":4},"end":{"line":267,"column":6}},"145":{"start":{"line":262,"column":8},"end":{"line":266,"column":10}},"146":{"start":{"line":263,"column":12},"end":{"line":263,"column":86}},"147":{"start":{"line":263,"column":32},"end":{"line":263,"column":86}},"148":{"start":{"line":264,"column":12},"end":{"line":264,"column":67}},"149":{"start":{"line":265,"column":12},"end":{"line":265,"column":27}},"150":{"start":{"line":269,"column":4},"end":{"line":269,"column":52}},"151":{"start":{"line":269,"column":20},"end":{"line":269,"column":51}},"152":{"start":{"line":258,"column":8},"end":{"line":258,"column":35}},"153":{"start":{"line":270,"column":0},"end":{"line":270,"column":1}},"154":{"start":{"line":254,"column":13},"end":{"line":270,"column":1}},"155":{"start":{"line":272,"column":0},"end":{"line":301,"column":0}},"156":{"start":{"line":279,"column":4},"end":{"line":291,"column":6}},"157":{"start":{"line":280,"column":8},"end":{"line":290,"column":10}},"158":{"start":{"line":281,"column":12},"end":{"line":281,"column":67}},"159":{"start":{"line":282,"column":12},"end":{"line":284,"column":13}},"160":{"start":{"line":283,"column":16},"end":{"line":283,"column":67}},"161":{"start":{"line":285,"column":12},"end":{"line":285,"column":75}},"162":{"start":{"line":285,"column":45},"end":{"line":285,"column":73}},"163":{"start":{"line":286,"column":12},"end":{"line":286,"column":99}},"164":{"start":{"line":286,"column":57},"end":{"line":286,"column":97}},"165":{"start":{"line":287,"column":12},"end":{"line":287,"column":77}},"166":{"start":{"line":287,"column":46},"end":{"line":287,"column":75}},"167":{"start":{"line":288,"column":12},"end":{"line":288,"column":75}},"168":{"start":{"line":288,"column":45},"end":{"line":288,"column":73}},"169":{"start":{"line":289,"column":12},"end":{"line":289,"column":26}},"170":{"start":{"line":293,"column":4},"end":{"line":300,"column":6}},"171":{"start":{"line":294,"column":8},"end":{"line":299,"column":9}},"172":{"start":{"line":295,"column":12},"end":{"line":295,"column":59}},"173":{"start":{"line":298,"column":12},"end":{"line":298,"column":37}},"174":{"start":{"line":276,"column":8},"end":{"line":276,"column":30}},"175":{"start":{"line":301,"column":0},"end":{"line":301,"column":1}},"176":{"start":{"line":272,"column":13},"end":{"line":301,"column":1}},"177":{"start":{"line":303,"column":0},"end":{"line":320,"column":0}},"178":{"start":{"line":310,"column":4},"end":{"line":315,"column":6}},"179":{"start":{"line":311,"column":8},"end":{"line":314,"column":10}},"180":{"start":{"line":312,"column":12},"end":{"line":312,"column":38}},"181":{"start":{"line":313,"column":12},"end":{"line":313,"column":26}},"182":{"start":{"line":317,"column":4},"end":{"line":319,"column":6}},"183":{"start":{"line":318,"column":8},"end":{"line":318,"column":36}},"184":{"start":{"line":307,"column":8},"end":{"line":307,"column":25}},"185":{"start":{"line":320,"column":0},"end":{"line":320,"column":1}},"186":{"start":{"line":303,"column":13},"end":{"line":320,"column":1}},"187":{"start":{"line":340,"column":0},"end":{"line":715,"column":0}},"188":{"start":{"line":482,"column":12},"end":{"line":558,"column":6}},"189":{"start":{"line":483,"column":20},"end":{"line":483,"column":34}},"190":{"start":{"line":485,"column":23},"end":{"line":485,"column":44}},"191":{"start":{"line":486,"column":26},"end":{"line":486,"column":53}},"192":{"start":{"line":489,"column":8},"end":{"line":489,"column":58}},"193":{"start":{"line":493,"column":8},"end":{"line":509,"column":9}},"194":{"start":{"line":494,"column":12},"end":{"line":494,"column":82}},"195":{"start":{"line":495,"column":12},"end":{"line":495,"column":84}},"196":{"start":{"line":497,"column":13},"end":{"line":509,"column":9}},"197":{"start":{"line":498,"column":12},"end":{"line":498,"column":88}},"198":{"start":{"line":499,"column":12},"end":{"line":499,"column":100}},"199":{"start":{"line":502,"column":13},"end":{"line":509,"column":9}},"200":{"start":{"line":503,"column":12},"end":{"line":503,"column":82}},"201":{"start":{"line":504,"column":12},"end":{"line":504,"column":76}},"202":{"start":{"line":507,"column":12},"end":{"line":507,"column":81}},"203":{"start":{"line":508,"column":12},"end":{"line":508,"column":84}},"204":{"start":{"line":512,"column":8},"end":{"line":512,"column":67}},"205":{"start":{"line":515,"column":8},"end":{"line":529,"column":9}},"206":{"start":{"line":516,"column":29},"end":{"line":516,"column":40}},"207":{"start":{"line":517,"column":12},"end":{"line":517,"column":94}},"208":{"start":{"line":517,"column":68},"end":{"line":517,"column":92}},"209":{"start":{"line":519,"column":13},"end":{"line":529,"column":9}},"210":{"start":{"line":520,"column":12},"end":{"line":525,"column":13}},"211":{"start":{"line":521,"column":16},"end":{"line":521,"column":82}},"212":{"start":{"line":524,"column":16},"end":{"line":524,"column":86}},"213":{"start":{"line":532,"column":23},"end":{"line":532,"column":27}},"214":{"start":{"line":533,"column":8},"end":{"line":549,"column":9}},"215":{"start":{"line":534,"column":33},"end":{"line":534,"column":44}},"216":{"start":{"line":537,"column":27},"end":{"line":537,"column":49}},"217":{"start":{"line":538,"column":12},"end":{"line":540,"column":13}},"218":{"start":{"line":539,"column":16},"end":{"line":539,"column":61}},"219":{"start":{"line":543,"column":12},"end":{"line":548,"column":13}},"220":{"start":{"line":544,"column":16},"end":{"line":544,"column":68}},"221":{"start":{"line":547,"column":16},"end":{"line":547,"column":69}},"222":{"start":{"line":552,"column":8},"end":{"line":554,"column":67}},"223":{"start":{"line":553,"column":43},"end":{"line":553,"column":93}},"224":{"start":{"line":554,"column":44},"end":{"line":554,"column":65}},"225":{"start":{"line":557,"column":8},"end":{"line":557,"column":20}},"226":{"start":{"line":560,"column":12},"end":{"line":660,"column":6}},"227":{"start":{"line":561,"column":20},"end":{"line":561,"column":34}},"228":{"start":{"line":563,"column":23},"end":{"line":563,"column":44}},"229":{"start":{"line":564,"column":26},"end":{"line":564,"column":53}},"230":{"start":{"line":565,"column":23},"end":{"line":565,"column":27}},"231":{"start":{"line":568,"column":8},"end":{"line":568,"column":58}},"232":{"start":{"line":572,"column":8},"end":{"line":604,"column":9}},"233":{"start":{"line":573,"column":12},"end":{"line":584,"column":13}},"234":{"start":{"line":574,"column":16},"end":{"line":574,"column":87}},"235":{"start":{"line":575,"column":16},"end":{"line":575,"column":104}},"236":{"start":{"line":576,"column":16},"end":{"line":576,"column":88}},"237":{"start":{"line":578,"column":17},"end":{"line":584,"column":13}},"238":{"start":{"line":579,"column":16},"end":{"line":579,"column":94}},"239":{"start":{"line":580,"column":16},"end":{"line":580,"column":88}},"240":{"start":{"line":583,"column":16},"end":{"line":583,"column":68}},"241":{"start":{"line":586,"column":13},"end":{"line":604,"column":9}},"242":{"start":{"line":587,"column":12},"end":{"line":587,"column":82}},"243":{"start":{"line":588,"column":12},"end":{"line":588,"column":76}},"244":{"start":{"line":589,"column":12},"end":{"line":589,"column":29}},"245":{"start":{"line":592,"column":12},"end":{"line":603,"column":13}},"246":{"start":{"line":593,"column":16},"end":{"line":593,"column":88}},"247":{"start":{"line":594,"column":16},"end":{"line":594,"column":88}},"248":{"start":{"line":596,"column":17},"end":{"line":603,"column":13}},"249":{"start":{"line":597,"column":16},"end":{"line":597,"column":87}},"250":{"start":{"line":598,"column":16},"end":{"line":598,"column":88}},"251":{"start":{"line":601,"column":16},"end":{"line":601,"column":88}},"252":{"start":{"line":602,"column":16},"end":{"line":602,"column":88}},"253":{"start":{"line":607,"column":8},"end":{"line":607,"column":67}},"254":{"start":{"line":610,"column":8},"end":{"line":626,"column":9}},"255":{"start":{"line":611,"column":29},"end":{"line":611,"column":40}},"256":{"start":{"line":612,"column":12},"end":{"line":612,"column":94}},"257":{"start":{"line":612,"column":68},"end":{"line":612,"column":92}},"258":{"start":{"line":614,"column":13},"end":{"line":626,"column":9}},"259":{"start":{"line":615,"column":12},"end":{"line":622,"column":13}},"260":{"start":{"line":616,"column":38},"end":{"line":616,"column":65}},"261":{"start":{"line":617,"column":16},"end":{"line":617,"column":104}},"262":{"start":{"line":618,"column":16},"end":{"line":618,"column":33}},"263":{"start":{"line":621,"column":16},"end":{"line":621,"column":86}},"264":{"start":{"line":629,"column":8},"end":{"line":648,"column":9}},"265":{"start":{"line":630,"column":33},"end":{"line":630,"column":44}},"266":{"start":{"line":633,"column":27},"end":{"line":633,"column":49}},"267":{"start":{"line":634,"column":12},"end":{"line":639,"column":13}},"268":{"start":{"line":635,"column":16},"end":{"line":635,"column":61}},"269":{"start":{"line":636,"column":16},"end":{"line":638,"column":17}},"270":{"start":{"line":637,"column":20},"end":{"line":637,"column":71}},"271":{"start":{"line":642,"column":12},"end":{"line":647,"column":13}},"272":{"start":{"line":643,"column":16},"end":{"line":643,"column":68}},"273":{"start":{"line":646,"column":16},"end":{"line":646,"column":69}},"274":{"start":{"line":651,"column":8},"end":{"line":651,"column":75}},"275":{"start":{"line":651,"column":25},"end":{"line":651,"column":75}},"276":{"start":{"line":654,"column":8},"end":{"line":656,"column":67}},"277":{"start":{"line":655,"column":43},"end":{"line":655,"column":93}},"278":{"start":{"line":656,"column":44},"end":{"line":656,"column":65}},"279":{"start":{"line":659,"column":8},"end":{"line":659,"column":20}},"280":{"start":{"line":662,"column":12},"end":{"line":698,"column":6}},"281":{"start":{"line":663,"column":20},"end":{"line":663,"column":34}},"282":{"start":{"line":665,"column":23},"end":{"line":665,"column":44}},"283":{"start":{"line":666,"column":26},"end":{"line":666,"column":53}},"284":{"start":{"line":669,"column":8},"end":{"line":669,"column":58}},"285":{"start":{"line":672,"column":8},"end":{"line":672,"column":118}},"286":{"start":{"line":675,"column":8},"end":{"line":686,"column":9}},"287":{"start":{"line":676,"column":33},"end":{"line":676,"column":44}},"288":{"start":{"line":679,"column":27},"end":{"line":679,"column":49}},"289":{"start":{"line":680,"column":12},"end":{"line":682,"column":13}},"290":{"start":{"line":681,"column":16},"end":{"line":681,"column":67}},"291":{"start":{"line":685,"column":12},"end":{"line":685,"column":53}},"292":{"start":{"line":689,"column":8},"end":{"line":689,"column":58}},"293":{"start":{"line":692,"column":8},"end":{"line":694,"column":67}},"294":{"start":{"line":693,"column":43},"end":{"line":693,"column":93}},"295":{"start":{"line":694,"column":44},"end":{"line":694,"column":65}},"296":{"start":{"line":697,"column":8},"end":{"line":697,"column":20}},"297":{"start":{"line":701,"column":4},"end":{"line":714,"column":5}},"298":{"start":{"line":702,"column":8},"end":{"line":713,"column":9}},"299":{"start":{"line":704,"column":16},"end":{"line":704,"column":52}},"300":{"start":{"line":708,"column":16},"end":{"line":708,"column":54}},"301":{"start":{"line":710,"column":16},"end":{"line":710,"column":54}},"302":{"start":{"line":712,"column":16},"end":{"line":712,"column":69}},"303":{"start":{"line":344,"column":8},"end":{"line":344,"column":23}},"304":{"start":{"line":347,"column":12},"end":{"line":382,"column":5}},"305":{"start":{"line":351,"column":28},"end":{"line":351,"column":51}},"306":{"start":{"line":352,"column":21},"end":{"line":352,"column":35}},"307":{"start":{"line":353,"column":24},"end":{"line":353,"column":38}},"308":{"start":{"line":354,"column":22},"end":{"line":356,"column":91}},"309":{"start":{"line":359,"column":8},"end":{"line":371,"column":9}},"310":{"start":{"line":360,"column":12},"end":{"line":364,"column":98}},"311":{"start":{"line":361,"column":16},"end":{"line":364,"column":97}},"312":{"start":{"line":367,"column":12},"end":{"line":370,"column":44}},"313":{"start":{"line":368,"column":16},"end":{"line":370,"column":43}},"314":{"start":{"line":373,"column":8},"end":{"line":373,"column":74}},"315":{"start":{"line":373,"column":51},"end":{"line":373,"column":72}},"316":{"start":{"line":375,"column":8},"end":{"line":381,"column":9}},"317":{"start":{"line":376,"column":31},"end":{"line":377,"column":84}},"318":{"start":{"line":378,"column":12},"end":{"line":380,"column":70}},"319":{"start":{"line":379,"column":47},"end":{"line":379,"column":79}},"320":{"start":{"line":380,"column":48},"end":{"line":380,"column":69}},"321":{"start":{"line":384,"column":19},"end":{"line":393,"column":5}},"322":{"start":{"line":385,"column":8},"end":{"line":392,"column":9}},"323":{"start":{"line":387,"column":12},"end":{"line":387,"column":59}},"324":{"start":{"line":391,"column":12},"end":{"line":391,"column":62}},"325":{"start":{"line":395,"column":12},"end":{"line":402,"column":5}},"326":{"start":{"line":397,"column":25},"end":{"line":397,"column":62}},"327":{"start":{"line":398,"column":25},"end":{"line":398,"column":48}},"328":{"start":{"line":399,"column":8},"end":{"line":399,"column":103}},"329":{"start":{"line":400,"column":8},"end":{"line":400,"column":28}},"330":{"start":{"line":401,"column":8},"end":{"line":401,"column":104}},"331":{"start":{"line":404,"column":19},"end":{"line":417,"column":5}},"332":{"start":{"line":405,"column":8},"end":{"
[...]
"line":101,"column":8},"end":{"line":102,"column":25}},"36":{"start":{"line":102,"column":12},"end":{"line":102,"column":25}},"37":{"start":{"line":104,"column":8},"end":{"line":104,"column":56}},"38":{"start":{"line":105,"column":8},"end":{"line":105,"column":20}},"39":{"start":{"line":108,"column":4},"end":{"line":137,"column":5}},"40":{"start":{"line":109,"column":8},"end":{"line":113,"column":9}},"41":{"start":{"line":110,"column":12},"end":{"line":110,"column":54}},"42":{"start":{"line":111,"column":12},"end":{"line":111,"column":88}},"43":{"start":{"line":112,"column":12},"end":{"line":112,"column":112}},"44":{"start":{"line":112,"column":51},"end":{"line":112,"column":111}},"45":{"start":{"line":115,"column":8},"end":{"line":117,"column":9}},"46":{"start":{"line":116,"column":12},"end":{"line":116,"column":56}},"47":{"start":{"line":119,"column":8},"end":{"line":136,"column":9}},"48":{"start":{"line":121,"column":16},"end":{"line":121,"column":79}},"49":{"start":{"line":123,"column":16},"end":{"line":123,"column":54}},"50":{"start":{"line":125,"column":16},"end":{"line":125,"column":93}},"51":{"start":{"line":127,"column":16},"end":{"line":127,"column":93}},"52":{"start":{"line":129,"column":16},"end":{"line":129,"column":93}},"53":{"start":{"line":131,"column":16},"end":{"line":131,"column":92}},"54":{"start":{"line":133,"column":16},"end":{"line":133,"column":86}},"55":{"start":{"line":135,"column":16},"end":{"line":135,"column":69}},"56":{"start":{"line":43,"column":8},"end":{"line":43,"column":25}},"57":{"start":{"line":44,"column":8},"end":{"line":44,"column":25}},"58":{"start":{"line":45,"column":8},"end":{"line":45,"column":31}},"59":{"start":{"line":46,"column":8},"end":{"line":46,"column":25}},"60":{"start":{"line":138,"column":0},"end":{"line":138,"column":1}},"61":{"start":{"line":8,"column":13},"end":{"line":138,"column":1}}},"fnMap":{"1":{"name":"(anonymous_1)","decl":{"start":{"line":8,"column":0},"end":{"line":null,"column":-1}},"loc":{"start":{"line":8,"column":0},"end":{"line":8,"column":-1}}},"2":{"name":"ApiEdgeQuery","decl":{"start":{"line":39,"column":4},"end":{"line":39,"column":15}},"loc":{"start":{"line":42,"column":32},"end":{"line":47,"column":5}}},"3":{"name":"(anonymous_3)","decl":{"start":{"line":49,"column":37},"end":{"line":49,"column":37}},"loc":{"start":{"line":49,"column":47},"end":{"line":57,"column":5}}},"4":{"name":"(anonymous_4)","decl":{"start":{"line":51,"column":49},"end":{"line":51,"column":49}},"loc":{"start":{"line":51,"column":93},"end":{"line":54,"column":9}}},"5":{"name":"(anonymous_5)","decl":{"start":{"line":59,"column":32},"end":{"line":59,"column":32}},"loc":{"start":{"line":59,"column":42},"end":{"line":75,"column":5}}},"6":{"name":"(anonymous_6)","decl":{"start":{"line":63,"column":53},"end":{"line":63,"column":53}},"loc":{"start":{"line":63,"column":97},"end":{"line":66,"column":13}}},"7":{"name":"(anonymous_7)","decl":{"start":{"line":69,"column":53},"end":{"line":69,"column":53}},"loc":{"start":{"line":69,"column":97},"end":{"line":71,"column":13}}},"8":{"name":"(anonymous_8)","decl":{"start":{"line":85,"column":30},"end":{"line":85,"column":30}},"loc":{"start":{"line":85,"column":58},"end":{"line":91,"column":5}}},"9":{"name":"(anonymous_9)","decl":{"start":{"line":89,"column":47},"end":{"line":89,"column":47}},"loc":{"start":{"line":89,"column":57},"end":{"line":89,"column":90}}},"10":{"name":"(anonymous_10)","decl":{"start":{"line":93,"column":31},"end":{"line":93,"column":31}},"loc":{"start":{"line":93,"column":42},"end":{"line":98,"column":5}}},"11":{"name":"(anonymous_11)","decl":{"start":{"line":100,"column":26},"end":{"line":100,"column":26}},"loc":{"start":{"line":100,"column":54},"end":{"line":106,"column":5}}},"12":{"name":"(anonymous_12)","decl":{"start":{"line":108,"column":14},"end":{"line":null,"column":-1}},"loc":{"start":{"line":108,"column":14},"end":{"line":137,"column":5}}},"13":{"name":"(anonymous_13)","decl":{"start":{"line":112,"column":41},"end":{"line":112,"column":40}},"loc":{"start":{"line":112,"column":47},"end":{"line":112,"column":111}}}},"branchMap":{"1":{"loc":{"start":{"line":40,"column":16},"end":{"line":40,"column":61}},"type":"if","locations":[{"start":{"line":40,"column":16},"end":{"line":40,"column":61}},{"start":{"line":40,"column":16},"end":{"line":40,"column":61}}]},"2":{"loc":{"start":{"line":41,"column":16},"end":{"line":41,"column":72}},"type":"if","locations":[{"start":{"line":41,"column":16},"end":{"line":41,"column":72}},{"start":{"line":41,"column":16},"end":{"line":41,"column":72}}]},"3":{"loc":{"start":{"line":42,"column":16},"end":{"line":42,"column":32}},"type":"if","locations":[{"start":{"line":42,"column":16},"end":{"line":42,"column":32}},{"start":{"line":42,"column":16},"end":{"line":42,"column":32}}]},"4":{"loc":{"start":{"line":52,"column":12},"end":{"line":53,"column":57}},"type":"if","locations":[{"start":{"line":52,"column":12},"end":{"line":53,"column":57}},{"start":{"line":52,"column":12},"end":{"line":53,"column":57}}]},"5":{"loc":{"start":{"line":62,"column":8},"end":{"line":72,"column":9}},"type":"if","locations":[{"start":{"line":62,"column":8},"end":{"line":72,"column":9}},{"start":{"line":62,"column":8},"end":{"line":72,"column":9}}]},"6":{"loc":{"start":{"line":64,"column":16},"end":{"line":65,"column":62}},"type":"if","locations":[{"start":{"line":64,"column":16},"end":{"line":65,"column":62}},{"start":{"line":64,"column":16},"end":{"line":65,"column":62}}]},"7":{"loc":{"start":{"line":86,"column":8},"end":{"line":87,"column":25}},"type":"if","locations":[{"start":{"line":86,"column":8},"end":{"line":87,"column":25}},{"start":{"line":86,"column":8},"end":{"line":87,"column":25}}]},"8":{"loc":{"start":{"line":94,"column":8},"end":{"line":95,"column":25}},"type":"if","locations":[{"start":{"line":94,"column":8},"end":{"line":95,"column":25}},{"start":{"line":94,"column":8},"end":{"line":95,"column":25}}]},"9":{"loc":{"start":{"line":101,"column":8},"end":{"line":102,"column":25}},"type":"if","locations":[{"start":{"line":101,"column":8},"end":{"line":102,"column":25}},{"start":{"line":101,"column":8},"end":{"line":102,"column":25}}]},"10":{"loc":{"start":{"line":109,"column":8},"end":{"line":113,"column":9}},"type":"if","locations":[{"start":{"line":109,"column":8},"end":{"line":113,"column":9}},{"start":{"line":109,"column":8},"end":{"line":113,"column":9}}]},"11":{"loc":{"start":{"line":115,"column":8},"end":{"line":117,"column":9}},"type":"if","locations":[{"start":{"line":115,"column":8},"end":{"line":117,"column":9}},{"start":{"line":115,"column":8},"end":{"line":117,"column":9}}]},"12":{"loc":{"start":{"line":120,"column":12},"end":{"line":121,"column":79}},"type":"switch","locations":[{"start":{"line":120,"column":12},"end":{"line":121,"column":79}},{"start":{"line":122,"column":12},"end":{"line":123,"column":54}},{"start":{"line":124,"column":12},"end":{"line":125,"column":93}},{"start":{"line":126,"column":12},"end":{"line":127,"column":93}},{"start":{"line":128,"column":12},"end":{"line":129,"column":93}},{"start":{"line":130,"column":12},"end":{"line":131,"column":92}},{"start":{"line":132,"column":12},"end":{"line":133,"column":86}},{"start":{"line":134,"column":12},"end":{"line":135,"column":69}}]}},"s":{"1":1,"2":1,"3":1,"4":1,"5":0,"6":0,"7":0,"8":0,"9":0,"10":0,"11":0,"12":0,"13":0,"14":0,"15":0,"16":0,"17":0,"18":0,"19":0,"20":0,"21":0,"22":0,"23":0,"24":0,"25":0,"26":0,"27":0,"28":0,"29":0,"30":0,"31":0,"32":0,"33":0,"34":0,"35":0,"36":0,"37":0,"38":0,"39":0,"40":0,"41":0,"42":0,"43":0,"44":0,"45":0,"46":0,"47":0,"48":0,"49":0,"50":0,"51":0,"52":0,"53":0,"54":0,"55":0,"56":0,"57":0,"58":0,"59":0,"60":1,"61":1},"f":{"1":1,"2":0,"3":0,"4":0,"5":0,"6":0,"7":0,"8":0,"9":0,"10":0,"11":0,"12":0,"13":0},"b":{"1":[0,0],"2":[0,0],"3":[0,0],"4":[0,0],"5":[0,0],"6":[0,0],"7":[0,0],"8":[0,0],"9":[0,0],"10":[0,0],"11":[0,0],"12":[0,0,0,0,0,0,0,0]}},"/Users/ajuhos/Sites/api/api-core/src/edge/ApiEdgeQueryType.ts":{"path":"/Users/ajuhos/Sites/api/api-core/src/edge/ApiEdgeQueryType.ts","statementMap":{"1":{"start":{"line":4,"column":0},"end":{"line":45,"column":1}},"2":{"start":{"line":9,"column":4},"end":{"line":9,"column":17}},"3":{"start":{"line":14,"column":4},"end":{"line":14,"column":16}},"4":{"start":{"line":19,"column":4},"end":{"line":19,"column":19}},"5":{"start":{"line":24,"column":4},"end":{"line":24,"column":19}},"6":{"start":{"line":29,"column":4},"end":{"line":29,"column":18}},"7":{"start":{"line":34,"column":4},"end":{"line":34,"column":19}},"8":{"start":{"line":39,"column":4},"end":{"line":39,"column":19}},"9":{"start":{"line":41,"column":4},"end":{"line":41,"column":64}},"10":{"start":{"line":42,"column":4},"end":{"line":42,"column":27}},"11":{"start":{"line":43,"column":4},"end":{"line":43,"column":21}},"12":{"start":{"line":44,"column":4},"end":{"line":44,"column":32}},"13":{"start":{"line":4,"column":12},"end":{"line":45,"column":1}}},"fnMap":{"1":{"name":"(anonymous_1)","decl":{"start":{"line":4,"column":0},"end":{"line":4,"column":11}},"loc":{"start":{"line":4,"column":28},"end":{"line":45,"column":1}}}},"branchMap":{"1":{"loc":{"start":{"line":4,"column":12},"end":{"line":4,"column":28}},"type":"binary-expr","locations":[{"start":{"line":4,"column":12},"end":{"line":4,"column":28}},{"start":{"line":4,"column":12},"end":{"line":4,"column":28}}]}},"s":{"1":1,"2":1,"3":1,"4":1,"5":1,"6":1,"7":1,"8":1,"9":1,"10":1,"11":1,"12":1,"13":1},"f":{"1":1},"b":{"1":[1,1]}},"/Users/ajuhos/Sites/api/api-core/src/query/ApiEdgeError.ts":{"path":"/Users/ajuhos/Sites/api/api-core/src/query/ApiEdgeError.ts","statementMap":{"1":{"start":{"line":1,"column":0},"end":{"line":12,"column":0}},"2":{"start":{"line":5,"column":8},"end":{"line":5,"column":29}},"3":{"start":{"line":6,"column":8},"end":{"line":6,"column":31}},"4":{"start":{"line":12,"column":0},"end":{"line":12,"column":1}},"5":{"start":{"line":1,"column":13},"end":{"line":12,"column":1}}},"fnMap":{"1":{"name":"(anonymous_1)","decl":{"start":{"line":1,"column":0},"end":{"line":null,"column":-1}},"loc":{"start":{"line":1,"column":0},"end":{"line":1,"column":-1}}},"2":{"name":"ApiEdgeError","decl":{"start":{"line":3,"column":4},"end":{"line":3,"column":15}},"loc":{"start":{"line":4,"column":31},"end":{"line":7,"column":5}}}},"branchMap":{},"s":{"1":1,"2":8,"3":8,"4":1,"5":1},"f":{"1":1,"2":8},"b":{}},"/Users/ajuhos/Sites/api/api-core/src/edge/ApiEdgeAction.ts":{"path":"/Users/ajuhos/Sites/api/api-core/src/edge/ApiEdgeAction.ts","statementMap":{"1":{"start":{"line":2,"column":0},"end":{"line":2,"column":52}},"2":{"start":{"line":4,"column":0},"end":{"line":14,"column":1}},"3":{"start":{"line":6,"column":4},"end":{"line":6,"column":24}},"4":{"start":{"line":7,"column":4},"end":{"line":7,"column":21}},"5":{"start":{"line":8,"column":4},"end":{"line":8,"column":19}},"6":{"start":{"line":9,"column":4},"end":{"line":9,"column":21}},"7":{"start":{"line":11,"column":4},"end":{"line":11,"column":34}},"8":{"start":{"line":12,"column":4},"end":{"line":12,"column":49}},"9":{"start":{"line":4,"column":12},"end":{"line":14,"column":1}},"10":{"start":{"line":16,"column":0},"end":{"line":21,"column":1}},"11":{"start":{"line":18,"column":4},"end":{"line":18,"column":15}},"12":{"start":{"line":19,"column":4},"end":{"line":19,"column":14}},"13":{"start":{"line":16,"column":12},"end":{"line":21,"column":1}},"14":{"start":{"line":23,"column":0},"end":{"line":50,"column":0}},"15":{"start":{"line":35,"column":16},"end":{"line":35,"column":68}},"16":{"start":{"line":36,"column":16},"end":{"line":36,"column":92}},"17":{"start":{"line":37,"column":16},"end":{"line":37,"column":73}},"18":{"start":{"line":38,"column":16},"end":{"line":38,"column":43}},"19":{"start":{"line":26,"column":4},"end":{"line":26,"column":81}},"20":{"start":{"line":27,"column":4},"end":{"line":27,"column":57}},"21":{"start":{"line":28,"column":4},"end":{"line":28,"column":62}},"22":{"start":{"line":29,"column":4},"end":{"line":29,"column":32}},"23":{"start":{"line":47,"column":4},"end":{"line":49,"column":5}},"24":{"start":{"line":48,"column":8},"end":{"line":48,"column":37}},"25":{"start":{"line":39,"column":8},"end":{"line":39,"column":25}},"26":{"start":{"line":40,"column":8},"end":{"line":40,"column":33}},"27":{"start":{"line":41,"column":8},"end":{"line":41,"column":31}},"28":{"start":{"line":42,"column":8},"end":{"line":42,"column":39}},"29":{"start":{"line":43,"column":8},"end":{"line":43,"column":39}},"30":{"start":{"line":44,"column":8},"end":{"line":44,"column":41}},"31":{"start":{"line":50,"column":0},"end":{"line":50,"column":1}},"32":{"start":{"line":23,"column":13},"end":{"line":50,"column":1}}},"fnMap":{"1":{"name":"(anonymous_1)","decl":{"start":{"line":4,"column":0},"end":{"line":4,"column":11}},"loc":{"start":{"line":4,"column":32},"end":{"line":14,"column":1}}},"2":{"name":"(anonymous_2)","decl":{"start":{"line":16,"column":0},"end":{"line":16,"column":11}},"loc":{"start":{"line":16,"column":36},"end":{"line":21,"column":1}}},"3":{"name":"(anonymous_3)","decl":{"start":{"line":23,"column":0},"end":{"line":null,"column":-1}},"loc":{"start":{"line":23,"column":0},"end":{"line":23,"column":-1}}},"4":{"name":"ApiEdgeAction","decl":{"start":{"line":33,"column":4},"end":{"line":33,"column":15}},"loc":{"start":{"line":38,"column":43},"end":{"line":45,"column":5}}},"5":{"name":"(anonymous_5)","decl":{"start":{"line":47,"column":14},"end":{"line":null,"column":-1}},"loc":{"start":{"line":47,"column":14},"end":{"line":49,"column":5}}}},"branchMap":{"1":{"loc":{"start":{"line":4,"column":12},"end":{"line":4,"column":32}},"type":"binary-expr","locations":[{"start":{"line":4,"column":12},"end":{"line":4,"column":32}},{"start":{"line":4,"column":12},"end":{"line":4,"column":32}}]},"2":{"loc":{"start":{"line":16,"column":12},"end":{"line":16,"column":36}},"type":"binary-expr","locations":[{"start":{"line":16,"column":12},"end":{"line":16,"column":36}},{"start":{"line":16,"column":12},"end":{"line":16,"column":36}}]},"3":{"loc":{"start":{"line":35,"column":16},"end":{"line":35,"column":68}},"type":"if","locations":[{"start":{"line":35,"column":16},"end":{"line":35,"column":68}},{"start":{"line":35,"column":16},"end":{"line":35,"column":68}}]},"4":{"loc":{"start":{"line":36,"column":16},"end":{"line":36,"column":92}},"type":"if","locations":[{"start":{"line":36,"column":16},"end":{"line":36,"column":92}},{"start":{"line":36,"column":16},"end":{"line":36,"column":92}}]},"5":{"loc":{"start":{"line":37,"column":16},"end":{"line":37,"column":73}},"type":"if","locations":[{"start":{"line":37,"column":16},"end":{"line":37,"column":73}},{"start":{"line":37,"column":16},"end":{"line":37,"column":73}}]},"6":{"loc":{"start":{"line":38,"column":16},"end":{"line":38,"column":43}},"type":"if","locations":[{"start":{"line":38,"column":16},"end":{"line":38,"column":43}},{"start":{"line":38,"column":16},"end":{"line":38,"column":43}}]}},"s":{"1":1,"2":1,"3":1,"4":1,"5":1,"6":1,"7":1,"8":1,"9":1,"10":1,"11":1,"12":1,"13":1,"14":1,"15":0,"16":0,"17":0,"18":0,"19":0,"20":0,"21":0,"22":0,"23":0,"24":0,"25":0,"26":0,"27":0,"28":0,"29":0,"30":0,"31":1,"32":1},"f":{"1":1,"2":1,"3":1,"4":0,"5":0},"b":{"1":[1,1],"2":[1,1],"3":[0,0],"4":[0,0],"5":[0,0],"6":[0,0]}},"/Users/ajuhos/Sites/api/api-core/src/query/ApiAction.ts":{"path":"/Users/ajuhos/Sites/api/api-core/src/query/ApiAction.ts","statementMap":{"1":{"start":{"line":4,"column":0},"end":{"line":10,"column":1}},"2":{"start":{"line":6,"column":4},"end":{"line":6,"column":11}},"3":{"start":{"line":7,"column":4},"end":{"line":7,"column":16}},"4":{"start":{"line":8,"column":4},"end":{"line":8,"column":15}},"5":{"start":{"line":4,"column":12},"end":{"line":10,"column":1}},"6":{"start":{"line":12,"column":0},"end":{"line":30,"column":0}},"7":{"start":{"line":21,"column":16},"end":{"line":21,"column":80}},"8":{"start":{"line":15,"column":4},"end":{"line":15,"column":69}},"9":{"start":{"line":27,"column":4},"end":{"line":29,"column":5}},"10":{"start":{"line":28,"column":8},"end":{"line":28,"column":41}},"11":{"start":{"line":22,"column":8},"end":{"line":22,"column":25}},"12":{"start":{"line":23,"column":8},"end":{"line":23,"column":31}},"13":{"start":{"line":24,"column":8},"end":{"line":24,"column":39}},"14":{"start":{"line":30,"column":0},"end":{"line":30,"column":1}},"15":{"start":{"line":12,"column":13},"end":{"line":30,"column":1}}},"fnMap":{"1":{"name":"(anonymous_1)","decl":{"start":{"line":4,"column":0},"end":{"line":4,"column":11}},"loc":{"start":{"line":4,"column":32},"end":{"line":10,"column":1}}},"2":{"name":"(anonymous_2)","decl":{"start":{"line":12,"column":0},"end":{"line":null,"column":-1}},"loc":{"start":{"line":12,"column":0},"end":{"line":12,"column":-1}}},"3":{"name":"ApiAction","decl":{"start":{"line":19,"column":4},"end":{"line":19,"column":15}},"loc":{"start":{"line":21,"column":80},"end":{"line":25,"column":5}}},"4":{"name":"(anonymous_4)","decl":{"start":{"line":27,"column":14},"end":{"line":null,"column":-1}},"loc":{"start":{"line":27,"column":14},"end":{"line":29,"column":5}}}},"branchMap":{"1":{"loc":{"start":{"line":4,"column":12},"end":{"line":4,"column":32}},"type":"binary-expr","locations":[{"start":{"line":4,"column":12},"end":{"line":4,"column":32}},{"start":{"line":4,"column":12},"end":{"line":4,"column":32}}]},"2":{"loc":{"start":{"line":21,"column":16},"end":{"line":21,"column":80}},"type":"if","locations":[{"start":{"line":21,"column":16},"end":{"line":21,"column":80}},{"start":{"line":21,"column":16},"end":{"line":21,"column":80}}]}},"s":{"1":1,"2":1,"3":1,"4":1,"5":1,"6":1,"7":0,"8":0,"9":0,"10":0,"11":0,"12":0,"13":0,"14":1,"15":1},"f":{"1":1,"2":1,"3":0,"4":0},"b":{"1":[1,1],"2":[0,0]}},"/Users/ajuhos/Sites/api/api-core/src/relations/OneToManyRelation.ts":{"path":"/Users/ajuhos/Sites/api/api-core/src/relations/OneToManyRelation.ts","statementMap":{"1":{"start":{"line":3,"column":0},"end":{"line":3,"column":27}},"2":{"start":{"line":5,"column":0},"end":{"line":22,"column":0}},"3":{"start":{"line":14,"column":16},"end":{"line":15,"column":71}},"4":{"start":{"line":16,"column":8},"end":{"line":16,"column":25}},"5":{"start":{"line":17,"column":8},"end":{"line":17,"column":21}},"6":{"start":{"line":18,"column":8},"end":{"line":18,"column":50}},"7":{"start":{"line":19,"column":8},"end":{"line":19,"column":57}},"8":{"start":{"line":20,"column":8},"end":{"line":20,"column":81}},"9":{"start":{"line":22,"column":0},"end":{"line":22,"column":1}},"10":{"start":{"line":5,"column":13},"end":{"line":22,"column":1}}},"fnMap":{"1":{"name":"(anonymous_1)","decl":{"start":{"line":5,"column":0},"end":{"line":null,"column":-1}},"loc":{"start":{"line":5,"column":0},"end":{"line":5,"column":-1}}},"2":{"name":"OneToManyRelation","decl":{"start":{"line":12,"column":4},"end":{"line":12,"column":15}},"loc":{"start":{"line":15,"column":71},"end":{"line":21,"column":5}}}},"branchMap":{"1":{"loc":{"start":{"line":14,"column":16},"end":{"line":15,"column":71}},"type":"if","locations":[{"start":{"line":14,"column":16},"end":{"line":15,"column":71}},{"start":{"line":14,"column":16},"end":{"line":15,"column":71}}]},"2":{"loc":{"start":{"line":18,"column":20},"end":{"line":18,"column":32}},"type":"binary-expr","locations":[{"start":{"line":18,"column":20},"end":{"line":18,"column":32}},{"start":{"line":18,"column":36},"end":{"line":18,"column":49}}]},"3":{"loc":{"start":{"line":19,"column":25},"end":{"line":19,"column":42}},"type":"binary-expr","locations":[{"start":{"line":19,"column":25},"end":{"line":19,"column":42}},{"start":{"line":19,"column":46},"end":{"line":19,"column":56}}]},"4":{"loc":{"start":{"line":20,"column":26},"end":{"line":20,"column":44}},"type":"binary-expr","locations":[{"start":{"line":20,"column":26},"end":{"line":20,"column":44}},{"start":{"line":20,"column":48},"end":{"line":20,"column":80}}]}},"s":{"1":1,"2":1,"3":2,"4":1,"5":1,"6":1,"7":1,"8":1,"9":1,"10":1},"f":{"1":1,"2":1},"b":{"1":[1,0],"2":[1,1],"3":[1,1],"4":[1,1]}}}