TN:
SF:/Users/ajuhos/Sites/api/api-core/src/Api.ts
FN:10,(anonymous_1)
FN:20,Api
FN:27,(anonymous_3)
FN:31,(anonymous_4)
FN:46,(anonymous_5)
FN:51,(anonymous_6)
FN:35,(anonymous_7)
FN:40,(anonymous_8)
FNF:8
FNH:6
FNDA:2,(anonymous_1)
FNDA:4,Api
FNDA:15,(anonymous_3)
FNDA:17,(anonymous_4)
FNDA:0,(anonymous_5)
FNDA:0,(anonymous_6)
FNDA:10,(anonymous_7)
FNDA:13,(anonymous_8)
DA:2,2
DA:3,2
DA:7,2
DA:10,6
DA:11,2
DA:12,2
DA:15,4
DA:16,4
DA:20,4
DA:21,4
DA:22,4
DA:23,4
DA:24,4
DA:27,4
DA:28,15
DA:31,4
DA:32,17
DA:35,2
DA:36,10
DA:37,10
DA:40,2
DA:41,13
DA:42,13
DA:43,13
DA:46,4
DA:47,0
DA:48,0
DA:51,4
DA:53,0
DA:54,0
DA:55,0
DA:58,2
LF:32
LH:27
BRDA:53,1,0,0
BRDA:53,1,1,0
BRF:2
BRH:0
end_of_record
TN:
SF:/Users/ajuhos/Sites/api/api-core/src/edge/ApiEdgeAction.ts
FN:5,(anonymous_1)
FN:17,(anonymous_2)
FN:24,(anonymous_3)
FN:34,ApiEdgeAction
FN:48,(anonymous_5)
FNF:5
FNH:3
FNDA:2,(anonymous_1)
FNDA:2,(anonymous_2)
FNDA:2,(anonymous_3)
FNDA:0,ApiEdgeAction
FNDA:0,(anonymous_5)
DA:3,2
DA:5,2
DA:7,2
DA:8,2
DA:9,2
DA:10,2
DA:12,2
DA:13,2
DA:17,2
DA:19,2
DA:20,2
DA:24,2
DA:27,0
DA:28,0
DA:29,0
DA:30,0
DA:36,0
DA:37,0
DA:38,0
DA:39,0
DA:40,0
DA:41,0
DA:42,0
DA:43,0
DA:44,0
DA:45,0
DA:48,0
DA:49,0
DA:51,2
LF:29
LH:13
BRDA:5,1,0,2
BRDA:5,1,1,2
BRDA:17,2,0,2
BRDA:17,2,1,2
BRDA:36,3,0,0
BRDA:36,3,1,0
BRDA:37,4,0,0
BRDA:37,4,1,0
BRDA:38,5,0,0
BRDA:38,5,1,0
BRDA:39,6,0,0
BRDA:39,6,1,0
BRF:12
BRH:4
end_of_record
TN:
SF:/Users/ajuhos/Sites/api/api-core/src/edge/ApiEdgeDefinition.ts
FN:30,(anonymous_1)
FN:48,(anonymous_3)
FN:53,(anonymous_4)
FN:63,(anonymous_5)
FN:66,(anonymous_6)
FN:74,(anonymous_7)
FN:77,(anonymous_8)
FN:86,(anonymous_9)
FN:89,(anonymous_10)
FNF:9
FNH:3
FNDA:6,(anonymous_1)
FNDA:0,(anonymous_3)
FNDA:0,(anonymous_4)
FNDA:0,(anonymous_5)
FNDA:0,(anonymous_6)
FNDA:0,(anonymous_7)
FNDA:0,(anonymous_8)
FNDA:2,(anonymous_9)
FNDA:1,(anonymous_10)
DA:5,1
DA:6,1
DA:7,1
DA:8,1
DA:30,6
DA:36,5
DA:37,5
DA:38,5
DA:48,5
DA:49,0
DA:50,0
DA:53,5
DA:55,0
DA:56,0
DA:57,0
DA:58,0
DA:59,0
DA:60,0
DA:63,5
DA:65,0
DA:66,0
DA:67,0
DA:68,0
DA:70,0
DA:71,0
DA:74,5
DA:76,0
DA:77,0
DA:78,0
DA:80,0
DA:82,0
DA:83,0
DA:86,5
DA:88,2
DA:89,2
DA:90,1
DA:92,0
DA:94,2
DA:95,2
DA:97,1
LF:40
LH:19
BRDA:55,1,0,0
BRDA:55,1,1,0
BRDA:56,2,0,0
BRDA:56,2,1,0
BRDA:57,3,0,0
BRDA:57,3,1,0
BRDA:58,4,0,0
BRDA:58,4,1,0
BRDA:65,5,0,0
BRDA:65,5,1,0
BRDA:66,6,0,0
BRDA:66,6,1,0
BRDA:76,7,0,0
BRDA:76,7,1,0
BRDA:77,8,0,0
BRDA:77,8,1,0
BRDA:78,9,0,0
BRDA:78,9,1,0
BRDA:78,9,2,0
BRDA:88,10,0,0
BRDA:88,10,1,2
BRDA:89,11,0,0
BRDA:89,11,1,2
BRDA:90,12,0,1
BRDA:90,12,1,0
BRDA:90,12,2,0
BRF:26
BRH:3
end_of_record
TN:
SF:/Users/ajuhos/Sites/api/api-core/src/edge/ApiEdgeMethod.ts
FN:5,(anonymous_1)
FN:24,(anonymous_2)
FN:30,ApiEdgeMethod
FNF:3
FNH:3
FNDA:2,(anonymous_1)
FNDA:2,(anonymous_2)
FNDA:11,ApiEdgeMethod
DA:2,2
DA:5,2
DA:10,2
DA:15,2
DA:20,2
DA:24,2
DA:26,11
DA:27,11
DA:32,11
DA:33,20
DA:34,11
DA:35,11
DA:36,11
DA:37,11
DA:39,2
LF:15
LH:15
BRDA:5,1,0,2
BRDA:5,1,1,2
BRDA:32,2,0,0
BRDA:32,2,1,11
BRDA:33,3,0,9
BRDA:33,3,1,2
BRF:6
BRH:5
end_of_record
TN:
SF:/Users/ajuhos/Sites/api/api-core/src/edge/ApiEdgeQuery.ts
FN:8,(anonymous_1)
FN:39,ApiEdgeQuery
FN:49,(anonymous_3)
FN:51,(anonymous_4)
FN:59,(anonymous_5)
FN:63,(anonymous_6)
FN:69,(anonymous_7)
FN:85,(anonymous_8)
FN:89,(anonymous_9)
FN:93,(anonymous_10)
FN:100,(anonymous_11)
FN:108,(anonymous_12)
FNF:12
FNH:11
FNDA:2,(anonymous_1)
FNDA:17,ApiEdgeQuery
FNDA:4,(anonymous_3)
FNDA:17,(anonymous_4)
FNDA:16,(anonymous_5)
FNDA:0,(anonymous_6)
FNDA:70,(anonymous_7)
FNDA:2,(anonymous_8)
FNDA:3,(anonymous_9)
FNDA:4,(anonymous_10)
FNDA:13,(anonymous_11)
FNDA:17,(anonymous_12)
DA:2,2
DA:3,2
DA:5,2
DA:8,19
DA:30,17
DA:40,17
DA:41,33
DA:42,33
DA:43,17
DA:44,17
DA:45,17
DA:46,17
DA:49,17
DA:50,4
DA:51,4
DA:52,17
DA:53,7
DA:56,4
DA:59,17
DA:60,16
DA:62,16
DA:63,0
DA:64,0
DA:65,0
DA:69,16
DA:70,70
DA:74,16
DA:85,17
DA:86,2
DA:87,0
DA:89,3
DA:90,2
DA:93,17
DA:94,4
DA:95,0
DA:97,4
DA:100,17
DA:101,13
DA:102,0
DA:104,13
DA:105,13
DA:108,17
DA:109,17
DA:110,0
DA:111,0
DA:114,17
DA:115,4
DA:118,17
DA:120,10
DA:122,0
DA:124,1
DA:126,1
DA:128,1
DA:130,2
DA:132,2
DA:134,0
DA:137,2
LF:57
LH:47
BRDA:40,1,0,0
BRDA:40,1,1,17
BRDA:41,2,0,16
BRDA:41,2,1,1
BRDA:42,3,0,16
BRDA:42,3,1,1
BRDA:52,4,0,7
BRDA:52,4,1,10
BRDA:62,5,0,0
BRDA:62,5,1,16
BRDA:64,6,0,0
BRDA:64,6,1,0
BRDA:86,7,0,0
BRDA:86,7,1,2
BRDA:94,8,0,0
BRDA:94,8,1,4
BRDA:101,9,0,0
BRDA:101,9,1,13
BRDA:109,10,0,0
BRDA:109,10,1,17
BRDA:114,11,0,4
BRDA:114,11,1,13
BRDA:119,12,0,10
BRDA:119,12,1,0
BRDA:119,12,2,1
BRDA:119,12,3,1
BRDA:119,12,4,1
BRDA:119,12,5,2
BRDA:119,12,6,2
BRDA:119,12,7,0
BRF:30
BRH:20
end_of_record
TN:
SF:/Users/ajuhos/Sites/api/api-core/src/edge/ApiEdgeQueryContext.ts
FN:3,(anonymous_1)
FN:33,ApiEdgeQueryContext
FN:14,(anonymous_3)
FN:18,(anonymous_4)
FN:19,(anonymous_5)
FN:20,(anonymous_6)
FN:21,(anonymous_7)
FN:38,(anonymous_8)
FN:45,(anonymous_9)
FN:50,(anonymous_10)
FN:55,(anonymous_11)
FN:60,(anonymous_12)
FNF:12
FNH:12
FNDA:3,(anonymous_1)
FNDA:82,ApiEdgeQueryContext
FNDA:1,(anonymous_3)
FNDA:1,(anonymous_4)
FNDA:1,(anonymous_5)
FNDA:1,(anonymous_6)
FNDA:1,(anonymous_7)
FNDA:2,(anonymous_8)
FNDA:3,(anonymous_9)
FNDA:3,(anonymous_10)
FNDA:3,(anonymous_11)
FNDA:11,(anonymous_12)
DA:1,3
DA:3,85
DA:5,82
DA:6,82
DA:11,82
DA:12,82
DA:14,82
DA:15,1
DA:16,1
DA:18,1
DA:19,1
DA:20,1
DA:21,1
DA:23,1
DA:24,1
DA:30,1
DA:33,164
DA:34,82
DA:35,82
DA:38,82
DA:39,2
DA:42,2
DA:45,82
DA:46,3
DA:47,3
DA:50,3
DA:51,3
DA:52,3
DA:55,3
DA:56,3
DA:57,3
DA:60,3
DA:61,11
DA:62,11
DA:64,3
LF:35
LH:35
BRDA:33,1,0,68
BRDA:33,1,1,14
BRDA:33,2,0,82
BRDA:33,2,1,0
BRDA:23,3,0,1
BRDA:23,3,1,0
BRDA:45,4,0,0
BRDA:45,4,1,3
BRDA:46,5,0,2
BRDA:46,5,1,1
BRF:10
BRH:7
end_of_record
TN:
SF:/Users/ajuhos/Sites/api/api-core/src/edge/ApiEdgeQueryFilter.ts
FN:1,(anonymous_1)
FN:10,(anonymous_2)
FN:15,ApiEdgeQueryFilter
FN:21,(anonymous_4)
FNF:4
FNH:4
FNDA:3,(anonymous_1)
FNDA:3,(anonymous_2)
FNDA:20,ApiEdgeQueryFilter
FNDA:1,(anonymous_4)
DA:1,3
DA:2,3
DA:3,3
DA:4,3
DA:5,3
DA:6,3
DA:7,3
DA:10,23
DA:16,20
DA:17,20
DA:18,20
DA:21,20
DA:22,3
LF:13
LH:13
BRDA:1,1,0,3
BRDA:1,1,1,3
BRF:2
BRH:2
end_of_record
TN:
SF:/Users/ajuhos/Sites/api/api-core/src/edge/ApiEdgeQueryResponse.ts
FN:1,(anonymous_1)
FN:5,ApiEdgeQueryResponse
FNF:2
FNH:2
FNDA:2,(anonymous_1)
FNDA:21,ApiEdgeQueryResponse
DA:1,2
DA:5,42
DA:6,21
DA:7,21
DA:9,2
LF:5
LH:5
BRDA:5,1,0,21
BRDA:5,1,1,0
BRF:2
BRH:1
end_of_record
TN:
SF:/Users/ajuhos/Sites/api/api-core/src/edge/ApiEdgeQueryType.ts
FN:4,(anonymous_1)
FNF:1
FNH:1
FNDA:2,(anonymous_1)
DA:4,2
DA:9,2
DA:14,2
DA:19,2
DA:24,2
DA:29,2
DA:34,2
DA:39,2
DA:41,2
DA:42,2
DA:43,2
DA:44,2
LF:12
LH:12
BRDA:4,1,0,2
BRDA:4,1,1,2
BRF:2
BRH:2
end_of_record
TN:
SF:/Users/ajuhos/Sites/api/api-core/src/edge/ApiEdgeSchema.ts
FN:4,(anonymous_1)
FN:11,ApiEdgeSchemaTransformation
FN:22,(anonymous_3)
FN:28,(anonymous_4)
FN:107,ApiEdgeSchema
FN:33,(anonymous_6)
FN:35,(anonymous_7)
FN:38,(anonymous_8)
FN:45,(anonymous_9)
FN:47,(anonymous_10)
FN:53,(anonymous_11)
FN:58,(anonymous_12)
FN:60,(anonymous_13)
FN:66,(anonymous_14)
FN:73,(anonymous_15)
FN:82,(anonymous_16)
FN:86,(anonymous_17)
FN:103,(anonymous_18)
FN:104,(anonymous_19)
FNF:19
FNH:14
FNDA:1,(anonymous_1)
FNDA:20,ApiEdgeSchemaTransformation
FNDA:1,(anonymous_3)
FNDA:1,(anonymous_4)
FNDA:5,ApiEdgeSchema
FNDA:0,(anonymous_6)
FNDA:0,(anonymous_7)
FNDA:0,(anonymous_8)
FNDA:19,(anonymous_9)
FNDA:6,(anonymous_10)
FNDA:0,(anonymous_11)
FNDA:19,(anonymous_12)
FNDA:64,(anonymous_13)
FNDA:3,(anonymous_14)
FNDA:20,(anonymous_15)
FNDA:0,(anonymous_16)
FNDA:2,(anonymous_17)
FNDA:1,(anonymous_18)
FNDA:10,(anonymous_19)
DA:1,1
DA:2,1
DA:4,1
DA:14,21
DA:15,20
DA:16,20
DA:17,20
DA:18,20
DA:19,20
DA:22,1
DA:23,1
DA:24,1
DA:26,1
DA:28,6
DA:32,5
DA:33,5
DA:34,0
DA:35,0
DA:36,0
DA:37,0
DA:38,0
DA:40,0
DA:42,0
DA:45,1
DA:46,19
DA:47,18
DA:49,1
DA:50,1
DA:51,1
DA:53,1
DA:55,0
DA:58,1
DA:59,19
DA:60,64
DA:62,1
DA:63,1
DA:64,1
DA:66,3
DA:69,0
DA:73,1
DA:74,20
DA:75,20
DA:77,20
DA:78,1
DA:80,1
DA:81,1
DA:82,0
DA:85,1
DA:86,2
DA:89,1
DA:91,1
DA:93,19
DA:94,19
DA:103,1
DA:104,10
DA:108,5
DA:109,5
DA:110,5
DA:111,20
DA:112,20
DA:113,20
DA:116,1
LF:62
LH:52
BRDA:14,1,0,1
BRDA:14,1,1,19
BRDA:37,2,0,0
BRDA:37,2,1,0
BRDA:112,3,0,20
BRDA:112,3,1,0
BRDA:46,4,0,18
BRDA:46,4,1,1
BRDA:49,5,0,1
BRDA:49,5,1,0
BRDA:59,6,0,18
BRDA:59,6,1,1
BRDA:62,7,0,1
BRDA:62,7,1,0
BRDA:77,8,0,1
BRDA:77,8,1,19
BRDA:81,9,0,0
BRDA:81,9,1,1
BRDA:93,10,0,19
BRDA:93,10,1,0
BRF:20
BRH:13
end_of_record
TN:
SF:/Users/ajuhos/Sites/api/api-core/src/query/ApiAction.ts
FN:4,(anonymous_1)
FN:12,(anonymous_2)
FN:19,ApiAction
FN:27,(anonymous_4)
FNF:4
FNH:2
FNDA:2,(anonymous_1)
FNDA:2,(anonymous_2)
FNDA:0,ApiAction
FNDA:0,(anonymous_4)
DA:4,2
DA:6,2
DA:7,2
DA:8,2
DA:12,2
DA:15,0
DA:21,0
DA:22,0
DA:23,0
DA:24,0
DA:27,0
DA:28,0
DA:30,2
LF:13
LH:6
BRDA:4,1,0,2
BRDA:4,1,1,2
BRDA:21,2,0,0
BRDA:21,2,1,0
BRF:4
BRH:2
end_of_record
TN:
SF:/Users/ajuhos/Sites/api/api-core/src/query/ApiEdgeError.ts
FN:1,(anonymous_1)
FN:3,ApiEdgeError
FNF:2
FNH:2
FNDA:2,(anonymous_1)
FNDA:14,ApiEdgeError
DA:1,2
DA:5,14
DA:6,14
DA:12,2
LF:4
LH:4
BRF:0
BRH:0
end_of_record
TN:
SF:/Users/ajuhos/Sites/api/api-core/src/query/ApiQuery.ts
FN:20,(anonymous_1)
FN:24,(anonymous_3)
FN:34,(anonymous_4)
FN:35,(anonymous_5)
FN:36,(anonymous_6)
FN:44,(anonymous_7)
FNF:6
FNH:6
FNDA:17,(anonymous_1)
FNDA:53,(anonymous_3)
FNDA:13,(anonymous_4)
FNDA:13,(anonymous_5)
FNDA:53,(anonymous_6)
FNDA:11,(anonymous_7)
DA:1,2
DA:2,2
DA:20,17
DA:22,15
DA:24,15
DA:25,53
DA:26,53
DA:34,26
DA:35,13
DA:36,13
DA:37,53
DA:38,53
DA:39,53
DA:40,53
DA:41,40
DA:44,13
DA:49,13
DA:60,2
LF:18
LH:18
BRDA:34,1,0,13
BRDA:34,1,1,0
BRDA:38,2,0,53
BRDA:38,2,1,0
BRDA:40,3,0,40
BRDA:40,3,1,13
BRDA:44,4,0,11
BRDA:44,4,1,0
BRF:8
BRH:5
end_of_record
TN:
SF:/Users/ajuhos/Sites/api/api-core/src/query/ApiQueryBuilder.ts
FN:19,(anonymous_1)
FN:22,QueryEdgeQueryStep
FN:26,(anonymous_3)
FN:27,(anonymous_4)
FN:31,(anonymous_5)
FN:39,(anonymous_6)
FN:42,(anonymous_7)
FN:45,CallMethodQueryStep
FN:49,(anonymous_9)
FN:50,(anonymous_10)
FN:51,(anonymous_11)
FN:58,(anonymous_12)
FN:61,(anonymous_13)
FN:64,RelateQueryStep
FN:68,(anonymous_15)
FN:69,(anonymous_16)
FN:76,(anonymous_17)
FN:106,(anonymous_18)
FN:109,SetResponseQueryStep
FN:113,(anonymous_20)
FN:114,(anonymous_21)
FN:121,(anonymous_22)
FN:124,(anonymous_23)
FN:127,SetBodyQueryStep
FN:131,(anonymous_25)
FN:132,(anonymous_26)
FN:138,(anonymous_27)
FN:141,(anonymous_28)
FN:144,ProvideIdQueryStep
FN:148,(anonymous_30)
FN:149,(anonymous_31)
FN:156,(anonymous_32)
FN:159,(anonymous_33)
FN:162,ExtendContextQueryStep
FN:166,(anonymous_35)
FN:167,(anonymous_36)
FN:172,(anonymous_37)
FN:173,(anonymous_38)
FN:174,(anonymous_39)
FN:175,(anonymous_40)
FN:180,(anonymous_41)
FN:208,(anonymous_42)
FN:211,ApiQueryBuilder
FN:319,(anonymous_44)
FN:381,(anonymous_45)
FN:382,(anonymous_46)
FN:388,(anonymous_47)
FN:474,(anonymous_48)
FN:475,(anonymous_49)
FN:481,(anonymous_50)
FN:500,(anonymous_51)
FN:501,(anonymous_52)
FN:508,(anonymous_53)
FN:215,(anonymous_54)
FN:228,(anonymous_55)
FN:235,(anonymous_56)
FN:241,(anonymous_57)
FN:247,(anonymous_58)
FN:248,(anonymous_59)
FN:252,(anonymous_60)
FN:263,(anonymous_61)
FN:272,(anonymous_62)
FN:287,(anonymous_63)
FN:306,(anonymous_64)
FNF:64
FNH:42
FNDA:2,(anonymous_1)
FNDA:16,QueryEdgeQueryStep
FNDA:16,(anonymous_3)
FNDA:16,(anonymous_4)
FNDA:14,(anonymous_5)
FNDA:0,(anonymous_6)
FNDA:2,(anonymous_7)
FNDA:2,CallMethodQueryStep
FNDA:2,(anonymous_9)
FNDA:2,(anonymous_10)
FNDA:2,(anonymous_11)
FNDA:0,(anonymous_12)
FNDA:2,(anonymous_13)
FNDA:3,RelateQueryStep
FNDA:3,(anonymous_15)
FNDA:3,(anonymous_16)
FNDA:0,(anonymous_17)
FNDA:2,(anonymous_18)
FNDA:1,SetResponseQueryStep
FNDA:1,(anonymous_20)
FNDA:1,(anonymous_21)
FNDA:0,(anonymous_22)
FNDA:2,(anonymous_23)
FNDA:4,SetBodyQueryStep
FNDA:4,(anonymous_25)
FNDA:4,(anonymous_26)
FNDA:0,(anonymous_27)
FNDA:2,(anonymous_28)
FNDA:3,ProvideIdQueryStep
FNDA:3,(anonymous_30)
FNDA:3,(anonymous_31)
FNDA:0,(anonymous_32)
FNDA:2,(anonymous_33)
FNDA:24,ExtendContextQueryStep
FNDA:24,(anonymous_35)
FNDA:24,(anonymous_36)
FNDA:0,(anonymous_37)
FNDA:0,(anonymous_38)
FNDA:0,(anonymous_39)
FNDA:0,(anonymous_40)
FNDA:0,(anonymous_41)
FNDA:2,(anonymous_42)
FNDA:4,ApiQueryBuilder
FNDA:9,(anonymous_44)
FNDA:0,(anonymous_45)
FNDA:0,(anonymous_46)
FNDA:5,(anonymous_47)
FNDA:0,(anonymous_48)
FNDA:0,(anonymous_49)
FNDA:1,(anonymous_50)
FNDA:0,(anonymous_51)
FNDA:0,(anonymous_52)
FNDA:17,(anonymous_53)
FNDA:32,(anonymous_54)
FNDA:0,(anonymous_55)
FNDA:0,(anonymous_56)
FNDA:0,(anonymous_57)
FNDA:0,(anonymous_58)
FNDA:0,(anonymous_59)
FNDA:3,(anonymous_60)
FNDA:16,(anonymous_61)
FNDA:5,(anonymous_62)
FNDA:1,(anonymous_63)
FNDA:5,(anonymous_64)
DA:1,2
DA:2,2
DA:3,2
DA:5,2
DA:6,2
DA:7,2
DA:11,2
DA:12,2
DA:13,2
DA:14,2
DA:16,2
DA:17,2
DA:19,18
DA:23,16
DA:26,16
DA:27,16
DA:28,16
DA:29,16
DA:31,16
DA:32,14
DA:33,14
DA:34,14
DA:39,16
DA:40,2
DA:42,4
DA:46,2
DA:49,2
DA:50,2
DA:51,2
DA:52,2
DA:53,2
DA:58,2
DA:59,2
DA:61,5
DA:65,3
DA:68,3
DA:69,3
DA:70,3
DA:71,3
DA:72,3
DA:76,3
DA:77,2
DA:106,3
DA:110,1
DA:113,1
DA:114,1
DA:115,1
DA:116,1
DA:117,1
DA:121,1
DA:122,2
DA:124,6
DA:128,4
DA:131,4
DA:132,4
DA:133,4
DA:134,4
DA:138,4
DA:139,2
DA:141,5
DA:144,3
DA:145,3
DA:148,3
DA:149,3
DA:150,3
DA:151,3
DA:152,3
DA:156,3
DA:157,2
DA:159,26
DA:163,24
DA:166,24
DA:167,24
DA:168,24
DA:169,24
DA:170,0
DA:172,24
DA:173,24
DA:174,24
DA:175,24
DA:176,24
DA:180,24
DA:181,0
DA:182,0
DA:185,0
DA:188,2
DA:208,6
DA:212,4
DA:215,2
DA:219,32
DA:220,32
DA:221,32
DA:222,32
DA:227,32
DA:228,2
DA:229,0
DA:235,30
DA:236,0
DA:241,32
DA:243,32
DA:244,20
DA:246,20
DA:247,0
DA:248,0
DA:252,2
DA:253,3
DA:255,2
DA:259,1
DA:263,2
DA:265,22
DA:266,22
DA:267,16
DA:268,16
DA:269,16
DA:272,2
DA:273,5
DA:274,5
DA:275,5
DA:277,0
DA:278,0
DA:279,0
DA:283,0
DA:287,2
DA:290,1
DA:291,1
DA:292,1
DA:294,0
DA:295,0
DA:299,0
DA:303,0
DA:306,2
DA:308,5
DA:309,0
DA:312,5
DA:316,5
DA:319,4
DA:320,9
DA:322,9
DA:323,9
DA:327,9
DA:328,2
DA:329,2
DA:331,7
DA:332,1
DA:333,1
DA:336,6
DA:337,2
DA:338,1
DA:341,4
DA:342,4
DA:346,8
DA:349,8
DA:350,4
DA:352,4
DA:353,1
DA:360,8
DA:361,8
DA:362,5
DA:365,5
DA:366,5
DA:367,3
DA:371,5
DA:372,5
DA:375,0
DA:380,8
DA:381,0
DA:382,0
DA:385,8
DA:388,4
DA:389,5
DA:391,5
DA:392,5
DA:393,5
DA:397,5
DA:398,1
DA:399,0
DA:400,0
DA:401,0
DA:403,1
DA:404,0
DA:405,0
DA:408,1
DA:411,4
DA:412,1
DA:413,1
DA:414,1
DA:417,3
DA:418,1
DA:419,1
DA:421,2
DA:422,1
DA:423,1
DA:426,1
DA:427,1
DA:432,4
DA:433,4
DA:436,4
DA:437,3
DA:439,1
DA:440,0
DA:441,0
DA:442,0
DA:443,0
DA:446,0
DA:454,4
DA:455,1
DA:458,1
DA:459,1
DA:460,0
DA:464,1
DA:465,0
DA:468,1
DA:473,4
DA:474,0
DA:475,0
DA:478,4
DA:481,4
DA:482,1
DA:484,1
DA:485,1
DA:488,1
DA:489,0
DA:493,1
DA:496,1
DA:499,1
DA:500,0
DA:501,0
DA:504,1
DA:508,4
DA:509,17
DA:511,9
DA:515,5
DA:517,1
DA:519,2
DA:522,2
LF:235
LH:198
BRDA:70,1,0,0
BRDA:70,1,1,3
BRDA:71,2,0,3
BRDA:71,2,1,0
BRDA:144,3,0,0
BRDA:144,3,1,3
BRDA:150,4,0,0
BRDA:150,4,1,3
BRDA:168,5,0,24
BRDA:168,5,1,12
BRDA:169,6,0,0
BRDA:169,6,1,24
BRDA:181,7,0,0
BRDA:181,7,1,0
BRDA:327,8,0,2
BRDA:327,8,1,7
BRDA:331,9,0,1
BRDA:331,9,1,6
BRDA:336,10,0,2
BRDA:336,10,1,4
BRDA:349,11,0,4
BRDA:349,11,1,4
BRDA:352,12,0,1
BRDA:352,12,1,3
BRDA:366,13,0,3
BRDA:366,13,1,2
BRDA:366,14,0,5
BRDA:366,14,1,4
BRDA:371,15,0,5
BRDA:371,15,1,0
BRDA:397,16,0,1
BRDA:397,16,1,4
BRDA:398,17,0,0
BRDA:398,17,1,1
BRDA:400,18,0,0
BRDA:400,18,1,0
BRDA:403,19,0,0
BRDA:403,19,1,1
BRDA:411,20,0,1
BRDA:411,20,1,3
BRDA:417,21,0,1
BRDA:417,21,1,2
BRDA:421,22,0,1
BRDA:421,22,1,1
BRDA:432,23,0,3
BRDA:432,23,1,1
BRDA:436,24,0,3
BRDA:436,24,1,1
BRDA:439,25,0,0
BRDA:439,25,1,1
BRDA:440,26,0,0
BRDA:440,26,1,0
BRDA:442,27,0,0
BRDA:442,27,1,0
BRDA:459,28,0,0
BRDA:459,28,1,1
BRDA:459,29,0,1
BRDA:459,29,1,0
BRDA:464,30,0,0
BRDA:464,30,1,1
BRDA:488,31,0,0
BRDA:488,31,1,1
BRDA:488,32,0,1
BRDA:488,32,1,1
BRDA:510,33,0,9
BRDA:510,33,1,2
BRDA:510,33,2,3
BRDA:510,33,3,5
BRDA:510,33,4,1
BRDA:510,33,5,2
BRDA:219,34,0,0
BRDA:219,34,1,32
BRDA:223,35,0,2
BRDA:223,35,1,30
BRDA:224,36,0,18
BRDA:224,36,1,12
BRDA:227,37,0,2
BRDA:227,37,1,30
BRDA:229,38,0,0
BRDA:229,38,1,0
BRDA:229,38,2,0
BRDA:229,38,3,0
BRDA:229,38,4,0
BRDA:236,39,0,0
BRDA:236,39,1,0
BRDA:236,39,2,0
BRDA:243,40,0,20
BRDA:243,40,1,12
BRDA:245,41,0,10
BRDA:245,41,1,10
BRDA:253,42,0,2
BRDA:253,42,1,1
BRDA:265,43,0,6
BRDA:265,43,1,10
BRDA:266,44,0,6
BRDA:266,44,1,10
BRDA:273,45,0,5
BRDA:273,45,1,0
BRDA:277,46,0,0
BRDA:277,46,1,0
BRDA:290,47,0,1
BRDA:290,47,1,0
BRDA:291,48,0,1
BRDA:291,48,1,0
BRDA:294,49,0,0
BRDA:294,49,1,0
BRDA:308,50,0,0
BRDA:308,50,1,5
BRF:108
BRH:70
end_of_record
TN:
SF:/Users/ajuhos/Sites/api/api-core/src/relations/OneToManyRelation.ts
FN:5,(anonymous_1)
FN:12,OneToManyRelation
FNF:2
FNH:2
FNDA:2,(anonymous_1)
FNDA:7,OneToManyRelation
DA:3,2
DA:5,2
DA:14,14
DA:16,7
DA:17,7
DA:18,7
DA:19,7
DA:20,7
DA:22,2
LF:9
LH:9
BRDA:14,1,0,7
BRDA:14,1,1,0
BRDA:18,2,0,7
BRDA:18,2,1,7
BRDA:19,3,0,7
BRDA:19,3,1,7
BRDA:20,4,0,7
BRDA:20,4,1,7
BRF:8
BRH:7
end_of_record
TN:
SF:/Users/ajuhos/Sites/api/api-core/src/relations/OneToOneRelation.ts
FN:5,(anonymous_1)
FN:12,OneToOneRelation
FNF:2
FNH:2
FNDA:2,(anonymous_1)
FNDA:5,OneToOneRelation
DA:3,2
DA:5,2
DA:14,10
DA:17,5
DA:18,5
DA:19,5
DA:20,5
DA:21,5
DA:23,2
LF:9
LH:9
BRDA:14,1,0,5
BRDA:14,1,1,0
BRDA:19,2,0,5
BRDA:19,2,1,5
BRDA:20,3,0,5
BRDA:20,3,1,5
BRDA:21,4,0,5
BRDA:21,4,1,5
BRF:8
BRH:7
end_of_record
TN:
SF:/Users/ajuhos/Sites/api/api-core/src/request/ApiRequest.ts
FN:7,(anonymous_3)
FN:11,(anonymous_5)
FN:16,(anonymous_6)
FN:20,MethodPathSegment
FN:26,(anonymous_8)
FN:31,(anonymous_9)
FN:35,EdgePathSegment
FN:41,(anonymous_11)
FN:46,(anonymous_12)
FN:51,EntryPathSegment
FN:58,(anonymous_14)
FN:63,(anonymous_15)
FN:67,RelatedFieldPathSegment
FN:73,(anonymous_17)
FN:78,(anonymous_18)
FN:81,(anonymous_20)
FN:85,(anonymous_21)
FN:86,(anonymous_22)
FN:90,(anonymous_23)
FN:102,(anonymous_24)
FN:108,ApiRequest
FNF:21
FNH:14
FNDA:45,(anonymous_3)
FNDA:0,(anonymous_5)
FNDA:2,(anonymous_6)
FNDA:6,MethodPathSegment
FNDA:0,(anonymous_8)
FNDA:2,(anonymous_9)
FNDA:5,EdgePathSegment
FNDA:0,(anonymous_11)
FNDA:2,(anonymous_12)
FNDA:28,EntryPathSegment
FNDA:0,(anonymous_14)
FNDA:2,(anonymous_15)
FNDA:4,RelatedFieldPathSegment
FNDA:0,(anonymous_17)
FNDA:52,(anonymous_18)
FNDA:43,(anonymous_20)
FNDA:0,(anonymous_21)
FNDA:0,(anonymous_22)
FNDA:2,(anonymous_23)
FNDA:2,(anonymous_24)
FNDA:18,ApiRequest
DA:4,2
DA:7,2
DA:11,43
DA:12,0
DA:14,2
DA:16,6
DA:21,6
DA:22,6
DA:23,6
DA:26,6
DA:27,0
DA:29,2
DA:31,5
DA:36,5
DA:37,5
DA:38,5
DA:41,5
DA:42,0
DA:44,2
DA:46,28
DA:52,28
DA:53,28
DA:54,28
DA:55,28
DA:58,28
DA:59,0
DA:61,2
DA:63,4
DA:68,4
DA:69,4
DA:70,4
DA:73,4
DA:74,0
DA:76,2
DA:78,52
DA:79,50
DA:81,50
DA:82,43
DA:85,50
DA:86,0
DA:88,2
DA:90,2
DA:91,2
DA:92,2
DA:93,2
DA:94,2
DA:95,2
DA:96,2
DA:98,2
DA:99,2
DA:102,2
DA:105,18
DA:109,18
DA:110,18
DA:111,18
DA:113,2
LF:56
LH:50
BRDA:90,1,0,2
BRDA:90,1,1,2
BRF:2
BRH:2
end_of_record
TN:
SF:/Users/ajuhos/Sites/api/api-core/src/request/ApiRequestParser.ts
FN:13,(anonymous_1)
FN:16,ApiRequestPathParser
FN:20,(anonymous_3)
FN:21,(anonymous_4)
FN:24,(anonymous_5)
FN:25,(anonymous_6)
FN:28,(anonymous_7)
FN:32,(anonymous_8)
FN:37,(anonymous_9)
FN:43,(anonymous_10)
FN:110,(anonymous_11)
FN:114,ApiRequestParser
FN:119,(anonymous_13)
FNF:13
FNH:13
FNDA:2,(anonymous_1)
FNDA:7,ApiRequestPathParser
FNDA:30,(anonymous_3)
FNDA:72,(anonymous_4)
FNDA:50,(anonymous_5)
FNDA:132,(anonymous_6)
FNDA:40,(anonymous_7)
FNDA:24,(anonymous_8)
FNDA:52,(anonymous_9)
FNDA:32,(anonymous_10)
FNDA:2,(anonymous_11)
FNDA:5,ApiRequestParser
FNDA:16,(anonymous_13)
DA:3,2
DA:7,2
DA:8,2
DA:9,2
DA:11,2
DA:13,2
DA:17,7
DA:20,2
DA:21,72
DA:24,2
DA:25,132
DA:28,2
DA:31,40
DA:32,11
DA:33,24
DA:37,29
DA:38,52
DA:43,2
DA:44,32
DA:46,32
DA:47,32
DA:48,32
DA:49,32
DA:50,80
DA:52,80
DA:53,50
DA:54,50
DA:55,10
DA:56,4
DA:57,4
DA:58,4
DA:59,4
DA:61,6
DA:62,5
DA:63,5
DA:64,5
DA:67,1
DA:71,40
DA:73,40
DA:75,6
DA:76,6
DA:78,34
DA:79,28
DA:80,28
DA:83,6
DA:88,30
DA:90,30
DA:91,29
DA:92,29
DA:95,1
DA:100,24
DA:101,5
DA:102,5
DA:105,24
DA:108,2
DA:110,2
DA:115,5
DA:116,5
DA:119,2
DA:120,16
DA:121,16
DA:122,16
DA:124,2
LF:63
LH:63
BRDA:31,1,0,11
BRDA:31,1,1,29
BRDA:33,2,0,24
BRDA:33,2,1,6
BRDA:33,2,2,1
BRDA:38,3,0,52
BRDA:38,3,1,1
BRDA:38,3,2,1
BRDA:52,4,0,50
BRDA:52,4,1,30
BRDA:54,5,0,10
BRDA:54,5,1,40
BRDA:55,6,0,4
BRDA:55,6,1,6
BRDA:61,7,0,5
BRDA:61,7,1,1
BRDA:61,8,0,6
BRDA:61,8,1,6
BRDA:73,9,0,6
BRDA:73,9,1,34
BRDA:78,10,0,28
BRDA:78,10,1,6
BRDA:90,11,0,29
BRDA:90,11,1,1
BRDA:100,12,0,5
BRDA:100,12,1,19
BRDA:100,13,0,24
BRDA:100,13,1,22
BRF:28
BRH:28
end_of_record
TN:
SF:/Users/ajuhos/Sites/api/api-core/test/query-builder.ts
FN:24,(anonymous_1)
FN:45,(anonymous_2)
FN:60,(anonymous_3)
FN:75,(anonymous_4)
FN:84,(anonymous_5)
FN:103,(anonymous_6)
FN:109,(anonymous_7)
FN:119,(anonymous_8)
FN:130,(anonymous_9)
FN:136,(anonymous_10)
FN:141,(anonymous_11)
FN:145,(anonymous_12)
FN:153,(anonymous_13)
FN:165,(anonymous_14)
FN:179,(anonymous_15)
FN:185,(anonymous_16)
FN:198,(anonymous_17)
FN:210,(anonymous_18)
FN:216,(anonymous_19)
FN:228,(anonymous_20)
FN:239,(anonymous_21)
FN:245,(anonymous_22)
FN:250,(anonymous_23)
FN:254,(anonymous_24)
FN:262,(anonymous_25)
FN:278,(anonymous_26)
FN:283,(anonymous_27)
FN:289,(anonymous_28)
FN:300,(anonymous_29)
FN:304,(anonymous_30)
FN:310,(anonymous_31)
FN:327,(anonymous_32)
FN:342,(anonymous_33)
FN:353,(anonymous_34)
FN:359,(anonymous_35)
FN:374,(anonymous_36)
FN:385,(anonymous_37)
FN:391,(anonymous_38)
FN:407,(anonymous_39)
FN:419,(anonymous_40)
FN:431,(anonymous_41)
FN:437,(anonymous_42)
FN:452,(anonymous_43)
FN:463,(anonymous_44)
FNF:44
FNH:31
FNDA:1,(anonymous_1)
FNDA:1,(anonymous_2)
FNDA:1,(anonymous_3)
FNDA:1,(anonymous_4)
FNDA:1,(anonymous_5)
FNDA:0,(anonymous_6)
FNDA:1,(anonymous_7)
FNDA:1,(anonymous_8)
FNDA:0,(anonymous_9)
FNDA:1,(anonymous_10)
FNDA:0,(anonymous_11)
FNDA:1,(anonymous_12)
FNDA:1,(anonymous_13)
FNDA:1,(anonymous_14)
FNDA:0,(anonymous_15)
FNDA:1,(anonymous_16)
FNDA:1,(anonymous_17)
FNDA:0,(anonymous_18)
FNDA:1,(anonymous_19)
FNDA:1,(anonymous_20)
FNDA:0,(anonymous_21)
FNDA:1,(anonymous_22)
FNDA:0,(anonymous_23)
FNDA:1,(anonymous_24)
FNDA:1,(anonymous_25)
FNDA:1,(anonymous_26)
FNDA:0,(anonymous_27)
FNDA:1,(anonymous_28)
FNDA:1,(anonymous_29)
FNDA:0,(anonymous_30)
FNDA:1,(anonymous_31)
FNDA:1,(anonymous_32)
FNDA:1,(anonymous_33)
FNDA:0,(anonymous_34)
FNDA:1,(anonymous_35)
FNDA:1,(anonymous_36)
FNDA:0,(anonymous_37)
FNDA:1,(anonymous_38)
FNDA:1,(anonymous_39)
FNDA:1,(anonymous_40)
FNDA:0,(anonymous_41)
FNDA:1,(anonymous_42)
FNDA:1,(anonymous_43)
FNDA:0,(anonymous_44)
DA:1,1
DA:2,1
DA:4,1
DA:5,1
DA:6,1
DA:7,1
DA:9,1
DA:10,1
DA:11,1
DA:12,1
DA:13,1
DA:14,1
DA:16,1
DA:17,1
DA:18,1
DA:19,1
DA:20,1
DA:24,1
DA:25,1
DA:42,1
DA:45,1
DA:46,1
DA:47,1
DA:48,1
DA:49,1
DA:50,0
DA:53,1
DA:54,1
DA:55,1
DA:57,1
DA:60,1
DA:61,1
DA:62,1
DA:63,1
DA:64,1
DA:65,0
DA:68,1
DA:69,1
DA:70,1
DA:72,1
DA:75,1
DA:76,1
DA:77,1
DA:79,1
DA:80,1
DA:81,1
DA:83,1
DA:85,1
DA:100,1
DA:101,1
DA:104,0
DA:105,0
DA:109,1
DA:110,1
DA:111,1
DA:113,1
DA:114,1
DA:115,1
DA:116,1
DA:118,1
DA:120,1
DA:127,1
DA:128,1
DA:131,0
DA:132,0
DA:136,1
DA:137,1
DA:138,1
DA:140,1
DA:142,0
DA:143,0
DA:146,1
DA:147,1
DA:148,1
DA:149,1
DA:153,1
DA:154,1
DA:155,1
DA:157,1
DA:158,1
DA:159,1
DA:160,1
DA:161,1
DA:162,1
DA:164,1
DA:166,1
DA:176,1
DA:177,1
DA:180,0
DA:181,0
DA:185,1
DA:186,1
DA:187,1
DA:189,1
DA:190,1
DA:191,1
DA:192,1
DA:193,1
DA:194,1
DA:195,1
DA:197,1
DA:199,1
DA:207,1
DA:208,1
DA:211,0
DA:212,0
DA:216,1
DA:217,1
DA:218,1
DA:220,1
DA:221,1
DA:222,1
DA:223,1
DA:224,1
DA:225,1
DA:227,1
DA:229,1
DA:236,1
DA:237,1
DA:240,0
DA:241,0
DA:245,1
DA:246,1
DA:247,1
DA:249,1
DA:251,0
DA:252,0
DA:255,1
DA:256,1
DA:257,1
DA:258,1
DA:262,1
DA:263,1
DA:264,1
DA:265,1
DA:271,1
DA:273,1
DA:274,1
DA:275,1
DA:277,1
DA:279,1
DA:280,1
DA:281,1
DA:284,0
DA:285,0
DA:289,1
DA:290,1
DA:291,1
DA:292,1
DA:294,1
DA:295,1
DA:296,1
DA:297,1
DA:299,1
DA:301,1
DA:302,1
DA:305,0
DA:306,0
DA:310,1
DA:311,1
DA:312,1
DA:314,1
DA:315,1
DA:316,0
DA:317,0
DA:320,1
DA:321,1
DA:322,1
DA:323,1
DA:327,1
DA:328,1
DA:329,1
DA:330,1
DA:333,1
DA:335,1
DA:336,1
DA:337,1
DA:338,1
DA:339,1
DA:341,1
DA:343,1
DA:350,1
DA:351,1
DA:354,0
DA:355,0
DA:359,1
DA:360,1
DA:361,1
DA:362,1
DA:365,1
DA:367,1
DA:368,1
DA:369,1
DA:370,1
DA:371,1
DA:373,1
DA:375,1
DA:382,1
DA:383,1
DA:386,0
DA:387,0
DA:391,1
DA:392,1
DA:393,1
DA:395,1
DA:396,1
DA:397,0
DA:400,1
DA:401,1
DA:402,1
DA:404,1
DA:407,1
DA:408,1
DA:409,1
DA:411,1
DA:412,1
DA:413,1
DA:414,1
DA:415,1
DA:416,1
DA:418,1
DA:420,1
DA:428,1
DA:429,1
DA:432,0
DA:433,0
DA:437,1
DA:438,1
DA:439,1
DA:440,1
DA:442,1
DA:444,1
DA:445,1
DA:446,1
DA:447,1
DA:448,1
DA:449,1
DA:451,1
DA:453,1
DA:460,1
DA:461,1
DA:464,0
DA:465,0
LF:243
LH:212
BRF:0
BRH:0
end_of_record
TN:
SF:/Users/ajuhos/Sites/api/api-core/test/query-context.ts
FN:5,(anonymous_1)
FN:11,(anonymous_2)
FN:20,(anonymous_3)
FN:29,(anonymous_4)
FN:37,(anonymous_5)
FN:46,(anonymous_6)
FN:81,(anonymous_7)
FNF:7
FNH:7
FNDA:1,(anonymous_1)
FNDA:1,(anonymous_2)
FNDA:1,(anonymous_3)
FNDA:1,(anonymous_4)
FNDA:1,(anonymous_5)
FNDA:1,(anonymous_6)
FNDA:1,(anonymous_7)
DA:1,1
DA:2,1
DA:3,1
DA:5,1
DA:6,1
DA:7,1
DA:8,1
DA:11,1
DA:12,1
DA:13,1
DA:14,1
DA:15,1
DA:16,1
DA:17,1
DA:20,1
DA:21,1
DA:22,1
DA:23,1
DA:24,1
DA:25,1
DA:26,1
DA:29,1
DA:30,1
DA:31,1
DA:32,1
DA:33,1
DA:34,1
DA:37,1
DA:38,1
DA:39,1
DA:40,1
DA:41,1
DA:42,1
DA:43,1
DA:46,1
DA:47,1
DA:49,1
DA:50,1
DA:51,1
DA:52,1
DA:56,1
DA:58,1
DA:59,1
DA:60,1
DA:62,1
DA:63,1
DA:64,1
DA:66,1
DA:67,1
DA:68,1
DA:70,1
DA:71,1
DA:72,1
DA:74,1
DA:75,1
DA:76,1
DA:78,1
DA:81,1
DA:82,1
DA:83,1
DA:84,1
DA:85,1
DA:86,1
DA:87,1
DA:89,1
DA:90,1
DA:92,1
LF:67
LH:67
BRF:0
BRH:0
end_of_record
TN:
SF:/Users/ajuhos/Sites/api/api-core/test/request-parser.ts
FN:11,(anonymous_1)
FN:11,(anonymous_2)
FN:12,(anonymous_3)
FN:12,(anonymous_4)
FN:13,(anonymous_5)
FN:13,(anonymous_6)
FN:14,(anonymous_7)
FN:14,(anonymous_8)
FN:16,(anonymous_9)
FN:27,(anonymous_10)
FN:38,(anonymous_11)
FN:64,(anonymous_12)
FN:70,(anonymous_13)
FN:71,(anonymous_14)
FN:72,(anonymous_15)
FN:73,(anonymous_16)
FN:74,(anonymous_17)
FN:75,(anonymous_18)
FN:80,(anonymous_19)
FN:81,(anonymous_20)
FN:82,(anonymous_21)
FN:91,(anonymous_22)
FN:100,(anonymous_23)
FN:110,(anonymous_24)
FN:119,(anonymous_25)
FN:135,(anonymous_26)
FN:151,(anonymous_27)
FN:171,(anonymous_28)
FN:187,(anonymous_29)
FN:188,(anonymous_30)
FN:201,(anonymous_31)
FN:205,(anonymous_32)
FNF:32
FNH:24
FNDA:0,(anonymous_1)
FNDA:0,(anonymous_2)
FNDA:0,(anonymous_3)
FNDA:0,(anonymous_4)
FNDA:0,(anonymous_5)
FNDA:0,(anonymous_6)
FNDA:0,(anonymous_7)
FNDA:0,(anonymous_8)
FNDA:1,(anonymous_9)
FNDA:1,(anonymous_10)
FNDA:1,(anonymous_11)
FNDA:1,(anonymous_12)
FNDA:1,(anonymous_13)
FNDA:1,(anonymous_14)
FNDA:1,(anonymous_15)
FNDA:1,(anonymous_16)
FNDA:1,(anonymous_17)
FNDA:1,(anonymous_18)
FNDA:1,(anonymous_19)
FNDA:1,(anonymous_20)
FNDA:1,(anonymous_21)
FNDA:1,(anonymous_22)
FNDA:1,(anonymous_23)
FNDA:1,(anonymous_24)
FNDA:1,(anonymous_25)
FNDA:1,(anonymous_26)
FNDA:1,(anonymous_27)
FNDA:1,(anonymous_28)
FNDA:1,(anonymous_29)
FNDA:1,(anonymous_30)
FNDA:1,(anonymous_31)
FNDA:1,(anonymous_32)
DA:1,1
DA:3,1
DA:5,1
DA:6,1
DA:7,1
DA:8,1
DA:9,1
DA:11,1
DA:12,1
DA:13,1
DA:14,1
DA:16,1
DA:17,1
DA:18,1
DA:19,1
DA:20,1
DA:27,1
DA:28,1
DA:29,1
DA:30,1
DA:31,1
DA:38,1
DA:39,1
DA:40,1
DA:41,1
DA:42,1
DA:49,1
DA:50,1
DA:51,1
DA:52,1
DA:53,1
DA:55,1
DA:64,1
DA:65,1
DA:66,1
DA:67,1
DA:70,1
DA:71,1
DA:72,1
DA:73,1
DA:74,1
DA:75,1
DA:77,1
DA:80,1
DA:81,1
DA:82,1
DA:88,1
DA:91,1
DA:92,1
DA:93,1
DA:94,1
DA:95,1
DA:96,1
DA:97,1
DA:100,1
DA:101,1
DA:102,1
DA:103,1
DA:104,1
DA:105,1
DA:106,1
DA:107,1
DA:110,1
DA:111,1
DA:112,1
DA:113,1
DA:114,1
DA:115,1
DA:116,1
DA:119,1
DA:120,1
DA:121,1
DA:123,1
DA:124,1
DA:125,1
DA:126,1
DA:128,1
DA:129,1
DA:130,1
DA:132,1
DA:135,1
DA:136,1
DA:137,1
DA:139,1
DA:140,1
DA:141,1
DA:142,1
DA:144,1
DA:145,1
DA:146,1
DA:148,1
DA:151,1
DA:152,1
DA:153,1
DA:155,1
DA:156,1
DA:157,1
DA:158,1
DA:160,1
DA:161,1
DA:162,1
DA:164,1
DA:165,1
DA:166,1
DA:168,1
DA:171,1
DA:172,1
DA:173,1
DA:175,1
DA:176,1
DA:177,1
DA:178,1
DA:180,1
DA:181,1
DA:182,1
DA:184,1
DA:187,1
DA:188,1
DA:189,1
DA:190,1
DA:191,1
DA:194,1
DA:201,1
DA:202,1
DA:205,1
DA:206,1
DA:207,1
DA:208,1
DA:209,1
LF:129
LH:129
BRF:0
BRH:0
end_of_record
TN:
SF:/Users/ajuhos/Sites/api/api-core/test/env/data/RawDataProvider.ts
FN:8,(anonymous_1)
FNF:1
FNH:1
FNDA:1,(anonymous_1)
DA:2,1
DA:3,1
DA:4,1
DA:5,1
DA:6,1
DA:8,1
DA:10,1
DA:15,1
DA:23,1
DA:32,1
DA:38,1
DA:55,1
LF:12
LH:12
BRF:0
BRH:0
end_of_record
TN:
SF:/Users/ajuhos/Sites/api/api-core/test/env/edges/ClassEdge.ts
FN:6,(anonymous_3)
FN:19,(anonymous_5)
FNF:2
FNH:1
FNDA:2,(anonymous_3)
FNDA:0,(anonymous_5)
DA:1,1
DA:2,1
DA:3,1
DA:4,1
DA:6,2
DA:7,1
DA:8,1
DA:10,1
DA:18,1
DA:19,1
DA:20,1
LF:11
LH:11
BRF:0
BRH:0
end_of_record
TN:
SF:/Users/ajuhos/Sites/api/api-core/test/env/edges/CourseEdge.ts
FN:6,(anonymous_3)
FN:18,(anonymous_5)
FNF:2
FNH:1
FNDA:2,(anonymous_3)
FNDA:0,(anonymous_5)
DA:1,1
DA:2,1
DA:3,1
DA:4,1
DA:6,2
DA:7,1
DA:8,1
DA:10,1
DA:17,1
DA:18,1
DA:19,1
LF:11
LH:11
BRF:0
BRH:0
end_of_record
TN:
SF:/Users/ajuhos/Sites/api/api-core/test/env/edges/CourseTypeEdge.ts
FN:6,(anonymous_3)
FN:16,(anonymous_5)
FNF:2
FNH:1
FNDA:2,(anonymous_3)
FNDA:0,(anonymous_5)
DA:1,1
DA:2,1
DA:3,1
DA:4,1
DA:6,2
DA:7,1
DA:8,1
DA:10,1
DA:15,1
DA:16,1
DA:17,1
LF:11
LH:11
BRF:0
BRH:0
end_of_record
TN:
SF:/Users/ajuhos/Sites/api/api-core/test/env/edges/ModelEdge.ts
FN:7,(anonymous_3)
FN:10,Model
FN:15,(anonymous_5)
FN:28,(anonymous_7)
FN:61,(anonymous_8)
FN:62,(anonymous_9)
FN:63,(anonymous_10)
FN:69,(anonymous_11)
FN:70,(anonymous_12)
FN:73,(anonymous_13)
FN:74,(anonymous_14)
FN:78,(anonymous_15)
FN:79,(anonymous_16)
FN:86,(anonymous_17)
FN:87,(anonymous_18)
FN:88,(anonymous_19)
FN:95,(anonymous_20)
FN:96,(anonymous_21)
FN:97,(anonymous_22)
FN:99,(anonymous_23)
FN:105,(anonymous_24)
FN:106,(anonymous_25)
FN:107,(anonymous_26)
FN:114,(anonymous_27)
FN:115,(anonymous_28)
FN:116,(anonymous_29)
FN:30,(anonymous_30)
FN:33,(anonymous_31)
FN:33,(anonymous_32)
FN:37,(anonymous_33)
FN:56,(anonymous_34)
FN:58,(anonymous_35)
FNF:32
FNH:26
FNDA:1,(anonymous_3)
FNDA:24,Model
FNDA:6,(anonymous_5)
FNDA:0,(anonymous_7)
FNDA:14,(anonymous_8)
FNDA:14,(anonymous_9)
FNDA:25,(anonymous_10)
FNDA:2,(anonymous_11)
FNDA:2,(anonymous_12)
FNDA:5,(anonymous_13)
FNDA:3,(anonymous_14)
FNDA:1,(anonymous_15)
FNDA:1,(anonymous_16)
FNDA:1,(anonymous_17)
FNDA:1,(anonymous_18)
FNDA:1,(anonymous_19)
FNDA:2,(anonymous_20)
FNDA:2,(anonymous_21)
FNDA:2,(anonymous_22)
FNDA:3,(anonymous_23)
FNDA:1,(anonymous_24)
FNDA:1,(anonymous_25)
FNDA:1,(anonymous_26)
FNDA:0,(anonymous_27)
FNDA:0,(anonymous_28)
FNDA:0,(anonymous_29)
FNDA:19,(anonymous_30)
FNDA:0,(anonymous_31)
FNDA:0,(anonymous_32)
FNDA:5,(anonymous_33)
FNDA:18,(anonymous_34)
FNDA:5,(anonymous_35)
DA:1,1
DA:2,1
DA:4,1
DA:5,1
DA:7,1
DA:11,24
DA:13,1
DA:15,6
DA:17,5
DA:18,5
DA:19,5
DA:20,5
DA:22,5
DA:25,5
DA:26,5
DA:28,5
DA:30,1
DA:31,19
DA:32,0
DA:33,0
DA:34,0
DA:37,1
DA:38,5
DA:40,5
DA:42,0
DA:44,0
DA:46,0
DA:48,0
DA:50,0
DA:52,0
DA:56,1
DA:57,18
DA:58,5
DA:61,5
DA:62,14
DA:63,25
DA:64,14
DA:65,2
DA:69,5
DA:70,2
DA:71,2
DA:73,5
DA:74,3
DA:78,5
DA:79,1
DA:80,1
DA:81,1
DA:82,1
DA:86,5
DA:87,1
DA:88,1
DA:89,1
DA:90,1
DA:95,5
DA:96,2
DA:97,2
DA:98,2
DA:99,3
DA:100,2
DA:105,5
DA:106,1
DA:107,1
DA:108,1
DA:109,1
DA:114,5
DA:115,0
DA:116,0
DA:117,0
DA:118,0
DA:122,1
LF:70
LH:57
BRDA:63,1,0,25
BRDA:63,1,1,13
BRDA:64,2,0,12
BRDA:64,2,1,2
BRDA:117,3,0,0
BRDA:117,3,1,0
BRDA:31,4,0,19
BRDA:31,4,1,0
BRDA:39,5,0,5
BRDA:39,5,1,0
BRDA:39,5,2,0
BRDA:39,5,3,0
BRDA:39,5,4,0
BRDA:39,5,5,0
BRDA:39,5,6,0
BRDA:57,6,0,13
BRDA:57,6,1,5
BRF:17
BRH:8
end_of_record
TN:
SF:/Users/ajuhos/Sites/api/api-core/test/env/edges/SchoolEdge.ts
FN:6,(anonymous_3)
FN:18,(anonymous_5)
FNF:2
FNH:2
FNDA:2,(anonymous_3)
FNDA:1,(anonymous_5)
DA:1,1
DA:2,1
DA:3,1
DA:4,1
DA:6,2
DA:7,1
DA:8,1
DA:10,1
DA:17,1
DA:18,1
DA:19,1
LF:11
LH:11
BRF:0
BRH:0
end_of_record
TN:
SF:/Users/ajuhos/Sites/api/api-core/test/env/edges/StudentEdge.ts
FN:12,(anonymous_3)
FN:38,StudentEdge
FN:19,(anonymous_5)
FN:25,(anonymous_6)
FN:36,(anonymous_7)
FN:41,(anonymous_8)
FN:42,(anonymous_9)
FN:47,(anonymous_10)
FN:48,(anonymous_11)
FNF:9
FNH:8
FNDA:1,(anonymous_3)
FNDA:1,StudentEdge
FNDA:1,(anonymous_5)
FNDA:3,(anonymous_6)
FNDA:0,(anonymous_7)
FNDA:1,(anonymous_8)
FNDA:1,(anonymous_9)
FNDA:1,(anonymous_10)
FNDA:1,(anonymous_11)
DA:1,1
DA:2,1
DA:3,1
DA:5,1
DA:6,1
DA:7,1
DA:8,1
DA:9,1
DA:10,1
DA:12,1
DA:13,1
DA:14,1
DA:16,1
DA:20,1
DA:21,1
DA:22,1
DA:23,1
DA:26,3
DA:35,1
DA:36,1
DA:39,1
DA:41,1
DA:42,1
DA:43,1
DA:47,1
DA:48,1
DA:49,1
DA:50,1
DA:51,1
DA:55,1
LF:30
LH:30
BRDA:21,1,0,0
BRDA:21,1,1,1
BRDA:49,2,0,1
BRDA:49,2,1,0
BRF:4
BRH:2
end_of_record
TN:
SF:/Users/ajuhos/Sites/api/api-core/test/env/model/Class.ts
FN:10,(anonymous_3)
FN:11,Class
FN:19,(anonymous_5)
FNF:3
FNH:3
FNDA:1,(anonymous_3)
FNDA:3,Class
FNDA:3,(anonymous_5)
DA:1,1
DA:10,1
DA:12,3
DA:13,3
DA:14,3
DA:15,3
DA:16,3
DA:19,1
DA:26,3
DA:34,1
LF:10
LH:10
BRF:0
BRH:0
end_of_record
TN:
SF:/Users/ajuhos/Sites/api/api-core/test/env/model/Course.ts
FN:9,(anonymous_3)
FN:10,Course
FN:17,(anonymous_5)
FNF:3
FNH:3
FNDA:1,(anonymous_3)
FNDA:6,Course
FNDA:6,(anonymous_5)
DA:1,1
DA:9,1
DA:11,6
DA:12,6
DA:13,6
DA:14,6
DA:17,1
DA:23,6
DA:30,1
LF:9
LH:9
BRF:0
BRH:0
end_of_record
TN:
SF:/Users/ajuhos/Sites/api/api-core/test/env/model/CourseType.ts
FN:2,(anonymous_3)
FN:7,(anonymous_5)
FN:8,CourseType
FN:13,(anonymous_7)
FNF:4
FNH:4
FNDA:1,(anonymous_3)
FNDA:1,(anonymous_5)
FNDA:5,CourseType
FNDA:5,(anonymous_7)
DA:1,1
DA:2,1
DA:5,1
DA:7,1
DA:9,5
DA:10,5
DA:13,1
DA:17,5
DA:23,1
LF:9
LH:9
BRF:0
BRH:0
end_of_record
TN:
SF:/Users/ajuhos/Sites/api/api-core/test/env/model/School.ts
FN:9,(anonymous_3)
FN:11,School
FN:18,(anonymous_5)
FNF:3
FNH:3
FNDA:1,(anonymous_3)
FNDA:3,School
FNDA:2,(anonymous_5)
DA:1,1
DA:9,1
DA:12,3
DA:13,3
DA:14,3
DA:15,3
DA:18,1
DA:24,2
DA:31,1
LF:9
LH:9
BRF:0
BRH:0
end_of_record
TN:
SF:/Users/ajuhos/Sites/api/api-core/test/env/model/Student.ts
FN:12,(anonymous_3)
FN:14,Student
FN:24,(anonymous_5)
FNF:3
FNH:3
FNDA:1,(anonymous_3)
FNDA:7,Student
FNDA:7,(anonymous_5)
DA:1,1
DA:12,1
DA:15,7
DA:16,7
DA:17,7
DA:18,7
DA:19,7
DA:20,7
DA:21,7
DA:24,1
DA:33,7
DA:43,1
LF:12
LH:12
BRF:0
BRH:0
end_of_record
